versions pytest-9.0.1, python-3.13.1.final.0
invocation_dir=C:\pysite
cwd=C:\pysite
args=('--debug',)

  pytest_cmdline_main [hook]
      config: <_pytest.config.Config object at 0x000001CAD5A441A0>
    pytest_plugin_registered [hook]
        plugin: <Session  exitstatus='<UNSET>' testsfailed=0 testscollected=0>
        plugin_name: session
        manager: <_pytest.config.PytestPluginManager object at 0x000001CAD4737E00>
    finish pytest_plugin_registered --> [] [hook]
    pytest_configure [hook]
        config: <_pytest.config.Config object at 0x000001CAD5A441A0>
      pytest_plugin_registered [hook]
          plugin: <_pytest.cacheprovider.LFPlugin object at 0x000001CAD75934D0>
          plugin_name: lfplugin
          manager: <_pytest.config.PytestPluginManager object at 0x000001CAD4737E00>
      finish pytest_plugin_registered --> [] [hook]
      pytest_plugin_registered [hook]
          plugin: <_pytest.cacheprovider.NFPlugin object at 0x000001CAD7E99550>
          plugin_name: nfplugin
          manager: <_pytest.config.PytestPluginManager object at 0x000001CAD4737E00>
      finish pytest_plugin_registered --> [] [hook]
    early skip of rewriting module: faulthandler [assertion]
      pytest_plugin_registered [hook]
          plugin: <class '_pytest.legacypath.LegacyTmpdirPlugin'>
          plugin_name: legacypath-tmpdir
          manager: <_pytest.config.PytestPluginManager object at 0x000001CAD4737E00>
      finish pytest_plugin_registered --> [] [hook]
    early skip of rewriting module: pdb [assertion]
    early skip of rewriting module: cmd [assertion]
    early skip of rewriting module: code [assertion]
    early skip of rewriting module: codeop [assertion]
    early skip of rewriting module: rlcompleter [assertion]
    early skip of rewriting module: readline [assertion]
      pytest_plugin_registered [hook]
          plugin: <_pytest.config.PytestPluginManager object at 0x000001CAD4737E00>
          plugin_name: 1970659360256
          manager: <_pytest.config.PytestPluginManager object at 0x000001CAD4737E00>
      finish pytest_plugin_registered --> [] [hook]
      pytest_plugin_registered [hook]
          plugin: <_pytest.config.Config object at 0x000001CAD5A441A0>
          plugin_name: pytestconfig
          manager: <_pytest.config.PytestPluginManager object at 0x000001CAD4737E00>
      finish pytest_plugin_registered --> [] [hook]
      pytest_plugin_registered [hook]
          plugin: <module '_pytest.mark' from 'C:\\pysite\\.venv\\Lib\\site-packages\\_pytest\\mark\\__init__.py'>
          plugin_name: mark
          manager: <_pytest.config.PytestPluginManager object at 0x000001CAD4737E00>
      finish pytest_plugin_registered --> [] [hook]
      pytest_plugin_registered [hook]
          plugin: <module '_pytest.main' from 'C:\\pysite\\.venv\\Lib\\site-packages\\_pytest\\main.py'>
          plugin_name: main
          manager: <_pytest.config.PytestPluginManager object at 0x000001CAD4737E00>
      finish pytest_plugin_registered --> [] [hook]
      pytest_plugin_registered [hook]
          plugin: <module '_pytest.runner' from 'C:\\pysite\\.venv\\Lib\\site-packages\\_pytest\\runner.py'>
          plugin_name: runner
          manager: <_pytest.config.PytestPluginManager object at 0x000001CAD4737E00>
      finish pytest_plugin_registered --> [] [hook]
      pytest_plugin_registered [hook]
          plugin: <module '_pytest.fixtures' from 'C:\\pysite\\.venv\\Lib\\site-packages\\_pytest\\fixtures.py'>
          plugin_name: fixtures
          manager: <_pytest.config.PytestPluginManager object at 0x000001CAD4737E00>
      finish pytest_plugin_registered --> [] [hook]
      pytest_plugin_registered [hook]
          plugin: <module '_pytest.helpconfig' from 'C:\\pysite\\.venv\\Lib\\site-packages\\_pytest\\helpconfig.py'>
          plugin_name: helpconfig
          manager: <_pytest.config.PytestPluginManager object at 0x000001CAD4737E00>
      finish pytest_plugin_registered --> [] [hook]
      pytest_plugin_registered [hook]
          plugin: <module '_pytest.python' from 'C:\\pysite\\.venv\\Lib\\site-packages\\_pytest\\python.py'>
          plugin_name: python
          manager: <_pytest.config.PytestPluginManager object at 0x000001CAD4737E00>
      finish pytest_plugin_registered --> [] [hook]
      pytest_plugin_registered [hook]
          plugin: <module '_pytest.terminal' from 'C:\\pysite\\.venv\\Lib\\site-packages\\_pytest\\terminal.py'>
          plugin_name: terminal
          manager: <_pytest.config.PytestPluginManager object at 0x000001CAD4737E00>
      finish pytest_plugin_registered --> [] [hook]
      pytest_plugin_registered [hook]
          plugin: <module '_pytest.debugging' from 'C:\\pysite\\.venv\\Lib\\site-packages\\_pytest\\debugging.py'>
          plugin_name: debugging
          manager: <_pytest.config.PytestPluginManager object at 0x000001CAD4737E00>
      finish pytest_plugin_registered --> [] [hook]
      pytest_plugin_registered [hook]
          plugin: <module '_pytest.unittest' from 'C:\\pysite\\.venv\\Lib\\site-packages\\_pytest\\unittest.py'>
          plugin_name: unittest
          manager: <_pytest.config.PytestPluginManager object at 0x000001CAD4737E00>
      finish pytest_plugin_registered --> [] [hook]
      pytest_plugin_registered [hook]
          plugin: <module '_pytest.capture' from 'C:\\pysite\\.venv\\Lib\\site-packages\\_pytest\\capture.py'>
          plugin_name: capture
          manager: <_pytest.config.PytestPluginManager object at 0x000001CAD4737E00>
      finish pytest_plugin_registered --> [] [hook]
      pytest_plugin_registered [hook]
          plugin: <module '_pytest.skipping' from 'C:\\pysite\\.venv\\Lib\\site-packages\\_pytest\\skipping.py'>
          plugin_name: skipping
          manager: <_pytest.config.PytestPluginManager object at 0x000001CAD4737E00>
      finish pytest_plugin_registered --> [] [hook]
      pytest_plugin_registered [hook]
          plugin: <module '_pytest.legacypath' from 'C:\\pysite\\.venv\\Lib\\site-packages\\_pytest\\legacypath.py'>
          plugin_name: legacypath
          manager: <_pytest.config.PytestPluginManager object at 0x000001CAD4737E00>
      finish pytest_plugin_registered --> [] [hook]
      pytest_plugin_registered [hook]
          plugin: <module '_pytest.tmpdir' from 'C:\\pysite\\.venv\\Lib\\site-packages\\_pytest\\tmpdir.py'>
          plugin_name: tmpdir
          manager: <_pytest.config.PytestPluginManager object at 0x000001CAD4737E00>
      finish pytest_plugin_registered --> [] [hook]
      pytest_plugin_registered [hook]
          plugin: <module '_pytest.monkeypatch' from 'C:\\pysite\\.venv\\Lib\\site-packages\\_pytest\\monkeypatch.py'>
          plugin_name: monkeypatch
          manager: <_pytest.config.PytestPluginManager object at 0x000001CAD4737E00>
      finish pytest_plugin_registered --> [] [hook]
      pytest_plugin_registered [hook]
          plugin: <module '_pytest.recwarn' from 'C:\\pysite\\.venv\\Lib\\site-packages\\_pytest\\recwarn.py'>
          plugin_name: recwarn
          manager: <_pytest.config.PytestPluginManager object at 0x000001CAD4737E00>
      finish pytest_plugin_registered --> [] [hook]
      pytest_plugin_registered [hook]
          plugin: <module '_pytest.pastebin' from 'C:\\pysite\\.venv\\Lib\\site-packages\\_pytest\\pastebin.py'>
          plugin_name: pastebin
          manager: <_pytest.config.PytestPluginManager object at 0x000001CAD4737E00>
      finish pytest_plugin_registered --> [] [hook]
      pytest_plugin_registered [hook]
          plugin: <module '_pytest.assertion' from 'C:\\pysite\\.venv\\Lib\\site-packages\\_pytest\\assertion\\__init__.py'>
          plugin_name: assertion
          manager: <_pytest.config.PytestPluginManager object at 0x000001CAD4737E00>
      finish pytest_plugin_registered --> [] [hook]
      pytest_plugin_registered [hook]
          plugin: <module '_pytest.junitxml' from 'C:\\pysite\\.venv\\Lib\\site-packages\\_pytest\\junitxml.py'>
          plugin_name: junitxml
          manager: <_pytest.config.PytestPluginManager object at 0x000001CAD4737E00>
      finish pytest_plugin_registered --> [] [hook]
      pytest_plugin_registered [hook]
          plugin: <module '_pytest.doctest' from 'C:\\pysite\\.venv\\Lib\\site-packages\\_pytest\\doctest.py'>
          plugin_name: doctest
          manager: <_pytest.config.PytestPluginManager object at 0x000001CAD4737E00>
      finish pytest_plugin_registered --> [] [hook]
      pytest_plugin_registered [hook]
          plugin: <module '_pytest.cacheprovider' from 'C:\\pysite\\.venv\\Lib\\site-packages\\_pytest\\cacheprovider.py'>
          plugin_name: cacheprovider
          manager: <_pytest.config.PytestPluginManager object at 0x000001CAD4737E00>
      finish pytest_plugin_registered --> [] [hook]
      pytest_plugin_registered [hook]
          plugin: <module '_pytest.setuponly' from 'C:\\pysite\\.venv\\Lib\\site-packages\\_pytest\\setuponly.py'>
          plugin_name: setuponly
          manager: <_pytest.config.PytestPluginManager object at 0x000001CAD4737E00>
      finish pytest_plugin_registered --> [] [hook]
      pytest_plugin_registered [hook]
          plugin: <module '_pytest.setupplan' from 'C:\\pysite\\.venv\\Lib\\site-packages\\_pytest\\setupplan.py'>
          plugin_name: setupplan
          manager: <_pytest.config.PytestPluginManager object at 0x000001CAD4737E00>
      finish pytest_plugin_registered --> [] [hook]
      pytest_plugin_registered [hook]
          plugin: <module '_pytest.stepwise' from 'C:\\pysite\\.venv\\Lib\\site-packages\\_pytest\\stepwise.py'>
          plugin_name: stepwise
          manager: <_pytest.config.PytestPluginManager object at 0x000001CAD4737E00>
      finish pytest_plugin_registered --> [] [hook]
      pytest_plugin_registered [hook]
          plugin: <module '_pytest.unraisableexception' from 'C:\\pysite\\.venv\\Lib\\site-packages\\_pytest\\unraisableexception.py'>
          plugin_name: unraisableexception
          manager: <_pytest.config.PytestPluginManager object at 0x000001CAD4737E00>
      finish pytest_plugin_registered --> [] [hook]
      pytest_plugin_registered [hook]
          plugin: <module '_pytest.threadexception' from 'C:\\pysite\\.venv\\Lib\\site-packages\\_pytest\\threadexception.py'>
          plugin_name: threadexception
          manager: <_pytest.config.PytestPluginManager object at 0x000001CAD4737E00>
      finish pytest_plugin_registered --> [] [hook]
      pytest_plugin_registered [hook]
          plugin: <module '_pytest.warnings' from 'C:\\pysite\\.venv\\Lib\\site-packages\\_pytest\\warnings.py'>
          plugin_name: warnings
          manager: <_pytest.config.PytestPluginManager object at 0x000001CAD4737E00>
      finish pytest_plugin_registered --> [] [hook]
      pytest_plugin_registered [hook]
          plugin: <module '_pytest.logging' from 'C:\\pysite\\.venv\\Lib\\site-packages\\_pytest\\logging.py'>
          plugin_name: logging
          manager: <_pytest.config.PytestPluginManager object at 0x000001CAD4737E00>
      finish pytest_plugin_registered --> [] [hook]
      pytest_plugin_registered [hook]
          plugin: <module '_pytest.reports' from 'C:\\pysite\\.venv\\Lib\\site-packages\\_pytest\\reports.py'>
          plugin_name: reports
          manager: <_pytest.config.PytestPluginManager object at 0x000001CAD4737E00>
      finish pytest_plugin_registered --> [] [hook]
      pytest_plugin_registered [hook]
          plugin: <module '_pytest.faulthandler' from 'C:\\pysite\\.venv\\Lib\\site-packages\\_pytest\\faulthandler.py'>
          plugin_name: faulthandler
          manager: <_pytest.config.PytestPluginManager object at 0x000001CAD4737E00>
      finish pytest_plugin_registered --> [] [hook]
      pytest_plugin_registered [hook]
          plugin: <module '_pytest.subtests' from 'C:\\pysite\\.venv\\Lib\\site-packages\\_pytest\\subtests.py'>
          plugin_name: subtests
          manager: <_pytest.config.PytestPluginManager object at 0x000001CAD4737E00>
      finish pytest_plugin_registered --> [] [hook]
      pytest_plugin_registered [hook]
          plugin: <module 'anyio.pytest_plugin' from 'C:\\pysite\\.venv\\Lib\\site-packages\\anyio\\pytest_plugin.py'>
          plugin_name: anyio
          manager: <_pytest.config.PytestPluginManager object at 0x000001CAD4737E00>
      finish pytest_plugin_registered --> [] [hook]
      pytest_plugin_registered [hook]
          plugin: <module 'pytest_asyncio.plugin' from 'C:\\pysite\\.venv\\Lib\\site-packages\\pytest_asyncio\\plugin.py'>
          plugin_name: asyncio
          manager: <_pytest.config.PytestPluginManager object at 0x000001CAD4737E00>
      finish pytest_plugin_registered --> [] [hook]
      pytest_plugin_registered [hook]
          plugin: <CaptureManager _method='fd' _global_capturing=<MultiCapture out=<FDCapture 1 oldfd=9 _state='suspended' tmpfile=<EncodedFile name='<tempfile._TemporaryFileWrapper object at 0x000001CAD7E98EC0>' mode='r+' encoding='utf-8'>> err=<FDCapture 2 oldfd=11 _state='suspended' tmpfile=<EncodedFile name='<tempfile._TemporaryFileWrapper object at 0x000001CAD7E55D10>' mode='r+' encoding='utf-8'>> in_=<FDCapture 0 oldfd=7 _state='started' tmpfile=<_io.TextIOWrapper name='nul' mode='r' encoding='utf-8'>> _state='suspended' _in_suspended=False> _capture_fixture=None>
          plugin_name: capturemanager
          manager: <_pytest.config.PytestPluginManager object at 0x000001CAD4737E00>
      finish pytest_plugin_registered --> [] [hook]
      pytest_plugin_registered [hook]
          plugin: <Session  exitstatus=<ExitCode.OK: 0> testsfailed=0 testscollected=0>
          plugin_name: session
          manager: <_pytest.config.PytestPluginManager object at 0x000001CAD4737E00>
      finish pytest_plugin_registered --> [] [hook]
      pytest_plugin_registered [hook]
          plugin: <_pytest.cacheprovider.LFPlugin object at 0x000001CAD75934D0>
          plugin_name: lfplugin
          manager: <_pytest.config.PytestPluginManager object at 0x000001CAD4737E00>
      finish pytest_plugin_registered --> [] [hook]
      pytest_plugin_registered [hook]
          plugin: <_pytest.cacheprovider.NFPlugin object at 0x000001CAD7E99550>
          plugin_name: nfplugin
          manager: <_pytest.config.PytestPluginManager object at 0x000001CAD4737E00>
      finish pytest_plugin_registered --> [] [hook]
      pytest_plugin_registered [hook]
          plugin: <class '_pytest.legacypath.LegacyTmpdirPlugin'>
          plugin_name: legacypath-tmpdir
          manager: <_pytest.config.PytestPluginManager object at 0x000001CAD4737E00>
      finish pytest_plugin_registered --> [] [hook]
      pytest_plugin_registered [hook]
          plugin: <_pytest.terminal.TerminalReporter object at 0x000001CAD7E9A900>
          plugin_name: terminalreporter
          manager: <_pytest.config.PytestPluginManager object at 0x000001CAD4737E00>
      finish pytest_plugin_registered --> [] [hook]
      pytest_plugin_registered [hook]
          plugin: <_pytest.terminal.TerminalProgressPlugin object at 0x000001CAD7E9B620>
          plugin_name: terminalprogress
          manager: <_pytest.config.PytestPluginManager object at 0x000001CAD4737E00>
      finish pytest_plugin_registered --> [] [hook]
      pytest_plugin_registered [hook]
          plugin: <_pytest.logging.LoggingPlugin object at 0x000001CAD7E9B770>
          plugin_name: logging-plugin
          manager: <_pytest.config.PytestPluginManager object at 0x000001CAD4737E00>
      finish pytest_plugin_registered --> [] [hook]
    finish pytest_configure --> [] [hook]
    pytest_sessionstart [hook]
        session: <Session  exitstatus=<ExitCode.OK: 0> testsfailed=0 testscollected=0>
      pytest_plugin_registered [hook]
          plugin: <_pytest.config.PytestPluginManager object at 0x000001CAD4737E00>
          plugin_name: 1970659360256
          manager: <_pytest.config.PytestPluginManager object at 0x000001CAD4737E00>
      finish pytest_plugin_registered --> [] [hook]
      pytest_plugin_registered [hook]
          plugin: <_pytest.config.Config object at 0x000001CAD5A441A0>
          plugin_name: pytestconfig
          manager: <_pytest.config.PytestPluginManager object at 0x000001CAD4737E00>
      finish pytest_plugin_registered --> [] [hook]
      pytest_plugin_registered [hook]
          plugin: <module '_pytest.mark' from 'C:\\pysite\\.venv\\Lib\\site-packages\\_pytest\\mark\\__init__.py'>
          plugin_name: mark
          manager: <_pytest.config.PytestPluginManager object at 0x000001CAD4737E00>
      finish pytest_plugin_registered --> [] [hook]
      pytest_plugin_registered [hook]
          plugin: <module '_pytest.main' from 'C:\\pysite\\.venv\\Lib\\site-packages\\_pytest\\main.py'>
          plugin_name: main
          manager: <_pytest.config.PytestPluginManager object at 0x000001CAD4737E00>
      finish pytest_plugin_registered --> [] [hook]
      pytest_plugin_registered [hook]
          plugin: <module '_pytest.runner' from 'C:\\pysite\\.venv\\Lib\\site-packages\\_pytest\\runner.py'>
          plugin_name: runner
          manager: <_pytest.config.PytestPluginManager object at 0x000001CAD4737E00>
      finish pytest_plugin_registered --> [] [hook]
      pytest_plugin_registered [hook]
          plugin: <module '_pytest.fixtures' from 'C:\\pysite\\.venv\\Lib\\site-packages\\_pytest\\fixtures.py'>
          plugin_name: fixtures
          manager: <_pytest.config.PytestPluginManager object at 0x000001CAD4737E00>
      finish pytest_plugin_registered --> [] [hook]
      pytest_plugin_registered [hook]
          plugin: <module '_pytest.helpconfig' from 'C:\\pysite\\.venv\\Lib\\site-packages\\_pytest\\helpconfig.py'>
          plugin_name: helpconfig
          manager: <_pytest.config.PytestPluginManager object at 0x000001CAD4737E00>
      finish pytest_plugin_registered --> [] [hook]
      pytest_plugin_registered [hook]
          plugin: <module '_pytest.python' from 'C:\\pysite\\.venv\\Lib\\site-packages\\_pytest\\python.py'>
          plugin_name: python
          manager: <_pytest.config.PytestPluginManager object at 0x000001CAD4737E00>
      finish pytest_plugin_registered --> [] [hook]
      pytest_plugin_registered [hook]
          plugin: <module '_pytest.terminal' from 'C:\\pysite\\.venv\\Lib\\site-packages\\_pytest\\terminal.py'>
          plugin_name: terminal
          manager: <_pytest.config.PytestPluginManager object at 0x000001CAD4737E00>
      finish pytest_plugin_registered --> [] [hook]
      pytest_plugin_registered [hook]
          plugin: <module '_pytest.debugging' from 'C:\\pysite\\.venv\\Lib\\site-packages\\_pytest\\debugging.py'>
          plugin_name: debugging
          manager: <_pytest.config.PytestPluginManager object at 0x000001CAD4737E00>
      finish pytest_plugin_registered --> [] [hook]
      pytest_plugin_registered [hook]
          plugin: <module '_pytest.unittest' from 'C:\\pysite\\.venv\\Lib\\site-packages\\_pytest\\unittest.py'>
          plugin_name: unittest
          manager: <_pytest.config.PytestPluginManager object at 0x000001CAD4737E00>
      finish pytest_plugin_registered --> [] [hook]
      pytest_plugin_registered [hook]
          plugin: <module '_pytest.capture' from 'C:\\pysite\\.venv\\Lib\\site-packages\\_pytest\\capture.py'>
          plugin_name: capture
          manager: <_pytest.config.PytestPluginManager object at 0x000001CAD4737E00>
      finish pytest_plugin_registered --> [] [hook]
      pytest_plugin_registered [hook]
          plugin: <module '_pytest.skipping' from 'C:\\pysite\\.venv\\Lib\\site-packages\\_pytest\\skipping.py'>
          plugin_name: skipping
          manager: <_pytest.config.PytestPluginManager object at 0x000001CAD4737E00>
      finish pytest_plugin_registered --> [] [hook]
      pytest_plugin_registered [hook]
          plugin: <module '_pytest.legacypath' from 'C:\\pysite\\.venv\\Lib\\site-packages\\_pytest\\legacypath.py'>
          plugin_name: legacypath
          manager: <_pytest.config.PytestPluginManager object at 0x000001CAD4737E00>
      finish pytest_plugin_registered --> [] [hook]
      pytest_plugin_registered [hook]
          plugin: <module '_pytest.tmpdir' from 'C:\\pysite\\.venv\\Lib\\site-packages\\_pytest\\tmpdir.py'>
          plugin_name: tmpdir
          manager: <_pytest.config.PytestPluginManager object at 0x000001CAD4737E00>
      finish pytest_plugin_registered --> [] [hook]
      pytest_plugin_registered [hook]
          plugin: <module '_pytest.monkeypatch' from 'C:\\pysite\\.venv\\Lib\\site-packages\\_pytest\\monkeypatch.py'>
          plugin_name: monkeypatch
          manager: <_pytest.config.PytestPluginManager object at 0x000001CAD4737E00>
      finish pytest_plugin_registered --> [] [hook]
      pytest_plugin_registered [hook]
          plugin: <module '_pytest.recwarn' from 'C:\\pysite\\.venv\\Lib\\site-packages\\_pytest\\recwarn.py'>
          plugin_name: recwarn
          manager: <_pytest.config.PytestPluginManager object at 0x000001CAD4737E00>
      finish pytest_plugin_registered --> [] [hook]
      pytest_plugin_registered [hook]
          plugin: <module '_pytest.pastebin' from 'C:\\pysite\\.venv\\Lib\\site-packages\\_pytest\\pastebin.py'>
          plugin_name: pastebin
          manager: <_pytest.config.PytestPluginManager object at 0x000001CAD4737E00>
      finish pytest_plugin_registered --> [] [hook]
      pytest_plugin_registered [hook]
          plugin: <module '_pytest.assertion' from 'C:\\pysite\\.venv\\Lib\\site-packages\\_pytest\\assertion\\__init__.py'>
          plugin_name: assertion
          manager: <_pytest.config.PytestPluginManager object at 0x000001CAD4737E00>
      finish pytest_plugin_registered --> [] [hook]
      pytest_plugin_registered [hook]
          plugin: <module '_pytest.junitxml' from 'C:\\pysite\\.venv\\Lib\\site-packages\\_pytest\\junitxml.py'>
          plugin_name: junitxml
          manager: <_pytest.config.PytestPluginManager object at 0x000001CAD4737E00>
      finish pytest_plugin_registered --> [] [hook]
      pytest_plugin_registered [hook]
          plugin: <module '_pytest.doctest' from 'C:\\pysite\\.venv\\Lib\\site-packages\\_pytest\\doctest.py'>
          plugin_name: doctest
          manager: <_pytest.config.PytestPluginManager object at 0x000001CAD4737E00>
      finish pytest_plugin_registered --> [] [hook]
      pytest_plugin_registered [hook]
          plugin: <module '_pytest.cacheprovider' from 'C:\\pysite\\.venv\\Lib\\site-packages\\_pytest\\cacheprovider.py'>
          plugin_name: cacheprovider
          manager: <_pytest.config.PytestPluginManager object at 0x000001CAD4737E00>
      finish pytest_plugin_registered --> [] [hook]
      pytest_plugin_registered [hook]
          plugin: <module '_pytest.setuponly' from 'C:\\pysite\\.venv\\Lib\\site-packages\\_pytest\\setuponly.py'>
          plugin_name: setuponly
          manager: <_pytest.config.PytestPluginManager object at 0x000001CAD4737E00>
      finish pytest_plugin_registered --> [] [hook]
      pytest_plugin_registered [hook]
          plugin: <module '_pytest.setupplan' from 'C:\\pysite\\.venv\\Lib\\site-packages\\_pytest\\setupplan.py'>
          plugin_name: setupplan
          manager: <_pytest.config.PytestPluginManager object at 0x000001CAD4737E00>
      finish pytest_plugin_registered --> [] [hook]
      pytest_plugin_registered [hook]
          plugin: <module '_pytest.stepwise' from 'C:\\pysite\\.venv\\Lib\\site-packages\\_pytest\\stepwise.py'>
          plugin_name: stepwise
          manager: <_pytest.config.PytestPluginManager object at 0x000001CAD4737E00>
      finish pytest_plugin_registered --> [] [hook]
      pytest_plugin_registered [hook]
          plugin: <module '_pytest.unraisableexception' from 'C:\\pysite\\.venv\\Lib\\site-packages\\_pytest\\unraisableexception.py'>
          plugin_name: unraisableexception
          manager: <_pytest.config.PytestPluginManager object at 0x000001CAD4737E00>
      finish pytest_plugin_registered --> [] [hook]
      pytest_plugin_registered [hook]
          plugin: <module '_pytest.threadexception' from 'C:\\pysite\\.venv\\Lib\\site-packages\\_pytest\\threadexception.py'>
          plugin_name: threadexception
          manager: <_pytest.config.PytestPluginManager object at 0x000001CAD4737E00>
      finish pytest_plugin_registered --> [] [hook]
      pytest_plugin_registered [hook]
          plugin: <module '_pytest.warnings' from 'C:\\pysite\\.venv\\Lib\\site-packages\\_pytest\\warnings.py'>
          plugin_name: warnings
          manager: <_pytest.config.PytestPluginManager object at 0x000001CAD4737E00>
      finish pytest_plugin_registered --> [] [hook]
      pytest_plugin_registered [hook]
          plugin: <module '_pytest.logging' from 'C:\\pysite\\.venv\\Lib\\site-packages\\_pytest\\logging.py'>
          plugin_name: logging
          manager: <_pytest.config.PytestPluginManager object at 0x000001CAD4737E00>
      finish pytest_plugin_registered --> [] [hook]
      pytest_plugin_registered [hook]
          plugin: <module '_pytest.reports' from 'C:\\pysite\\.venv\\Lib\\site-packages\\_pytest\\reports.py'>
          plugin_name: reports
          manager: <_pytest.config.PytestPluginManager object at 0x000001CAD4737E00>
      finish pytest_plugin_registered --> [] [hook]
      pytest_plugin_registered [hook]
          plugin: <module '_pytest.faulthandler' from 'C:\\pysite\\.venv\\Lib\\site-packages\\_pytest\\faulthandler.py'>
          plugin_name: faulthandler
          manager: <_pytest.config.PytestPluginManager object at 0x000001CAD4737E00>
      finish pytest_plugin_registered --> [] [hook]
      pytest_plugin_registered [hook]
          plugin: <module '_pytest.subtests' from 'C:\\pysite\\.venv\\Lib\\site-packages\\_pytest\\subtests.py'>
          plugin_name: subtests
          manager: <_pytest.config.PytestPluginManager object at 0x000001CAD4737E00>
      finish pytest_plugin_registered --> [] [hook]
      pytest_plugin_registered [hook]
          plugin: <module 'anyio.pytest_plugin' from 'C:\\pysite\\.venv\\Lib\\site-packages\\anyio\\pytest_plugin.py'>
          plugin_name: anyio
          manager: <_pytest.config.PytestPluginManager object at 0x000001CAD4737E00>
      finish pytest_plugin_registered --> [] [hook]
      pytest_plugin_registered [hook]
          plugin: <module 'pytest_asyncio.plugin' from 'C:\\pysite\\.venv\\Lib\\site-packages\\pytest_asyncio\\plugin.py'>
          plugin_name: asyncio
          manager: <_pytest.config.PytestPluginManager object at 0x000001CAD4737E00>
      finish pytest_plugin_registered --> [] [hook]
      pytest_plugin_registered [hook]
          plugin: <CaptureManager _method='fd' _global_capturing=<MultiCapture out=<FDCapture 1 oldfd=9 _state='suspended' tmpfile=<EncodedFile name='<tempfile._TemporaryFileWrapper object at 0x000001CAD7E98EC0>' mode='r+' encoding='utf-8'>> err=<FDCapture 2 oldfd=11 _state='suspended' tmpfile=<EncodedFile name='<tempfile._TemporaryFileWrapper object at 0x000001CAD7E55D10>' mode='r+' encoding='utf-8'>> in_=<FDCapture 0 oldfd=7 _state='started' tmpfile=<_io.TextIOWrapper name='nul' mode='r' encoding='utf-8'>> _state='suspended' _in_suspended=False> _capture_fixture=None>
          plugin_name: capturemanager
          manager: <_pytest.config.PytestPluginManager object at 0x000001CAD4737E00>
      finish pytest_plugin_registered --> [] [hook]
      pytest_plugin_registered [hook]
          plugin: <Session  exitstatus=<ExitCode.OK: 0> testsfailed=0 testscollected=0>
          plugin_name: session
          manager: <_pytest.config.PytestPluginManager object at 0x000001CAD4737E00>
      finish pytest_plugin_registered --> [] [hook]
      pytest_plugin_registered [hook]
          plugin: <_pytest.cacheprovider.LFPlugin object at 0x000001CAD75934D0>
          plugin_name: lfplugin
          manager: <_pytest.config.PytestPluginManager object at 0x000001CAD4737E00>
      finish pytest_plugin_registered --> [] [hook]
      pytest_plugin_registered [hook]
          plugin: <_pytest.cacheprovider.NFPlugin object at 0x000001CAD7E99550>
          plugin_name: nfplugin
          manager: <_pytest.config.PytestPluginManager object at 0x000001CAD4737E00>
      finish pytest_plugin_registered --> [] [hook]
      pytest_plugin_registered [hook]
          plugin: <class '_pytest.legacypath.LegacyTmpdirPlugin'>
          plugin_name: legacypath-tmpdir
          manager: <_pytest.config.PytestPluginManager object at 0x000001CAD4737E00>
      finish pytest_plugin_registered --> [] [hook]
      pytest_plugin_registered [hook]
          plugin: <_pytest.terminal.TerminalReporter object at 0x000001CAD7E9A900>
          plugin_name: terminalreporter
          manager: <_pytest.config.PytestPluginManager object at 0x000001CAD4737E00>
      finish pytest_plugin_registered --> [] [hook]
      pytest_plugin_registered [hook]
          plugin: <_pytest.terminal.TerminalProgressPlugin object at 0x000001CAD7E9B620>
          plugin_name: terminalprogress
          manager: <_pytest.config.PytestPluginManager object at 0x000001CAD4737E00>
      finish pytest_plugin_registered --> [] [hook]
      pytest_plugin_registered [hook]
          plugin: <_pytest.logging.LoggingPlugin object at 0x000001CAD7E9B770>
          plugin_name: logging-plugin
          manager: <_pytest.config.PytestPluginManager object at 0x000001CAD4737E00>
      finish pytest_plugin_registered --> [] [hook]
      pytest_plugin_registered [hook]
          plugin: <_pytest.fixtures.FixtureManager object at 0x000001CAD7F341A0>
          plugin_name: funcmanage
          manager: <_pytest.config.PytestPluginManager object at 0x000001CAD4737E00>
      finish pytest_plugin_registered --> [] [hook]
      pytest_report_header [hook]
          config: <_pytest.config.Config object at 0x000001CAD5A441A0>
          start_path: C:\pysite
          startdir: C:\pysite
      finish pytest_report_header --> [['asyncio: mode=Mode.STRICT, debug=False, asyncio_default_fixture_loop_scope=None, asyncio_default_test_loop_scope=function'], ['rootdir: C:\\pysite', 'plugins: anyio-4.11.0, asyncio-1.3.0'], ['using: pytest-9.0.1', 'registered third-party plugins:', '  anyio-4.11.0 at C:\\pysite\\.venv\\Lib\\site-packages\\anyio\\pytest_plugin.py', '  pytest-asyncio-1.3.0 at C:\\pysite\\.venv\\Lib\\site-packages\\pytest_asyncio\\plugin.py']] [hook]
    finish pytest_sessionstart --> [] [hook]
    pytest_collection [hook]
        session: <Session  exitstatus=<ExitCode.OK: 0> testsfailed=0 testscollected=0>
    perform_collect <Session  exitstatus=<ExitCode.OK: 0> testsfailed=0 testscollected=0> ['C:\\pysite'] [collection]
        pytest_collectstart [hook]
            collector: <Session  exitstatus=<ExitCode.OK: 0> testsfailed=0 testscollected=0>
        finish pytest_collectstart --> [] [hook]
        pytest_make_collect_report [hook]
            collector: <Session  exitstatus=<ExitCode.OK: 0> testsfailed=0 testscollected=0>
        processing argument CollectionArgument(path=WindowsPath('C:/pysite'), parts=[], parametrization=None, module_name=None, original_index=0) [collection]
            pytest_collect_directory [hook]
                path: C:\pysite
                parent: <Session  exitstatus=<ExitCode.OK: 0> testsfailed=0 testscollected=0>
            finish pytest_collect_directory --> <Dir pysite> [hook]
        finish pytest_make_collect_report --> <CollectReport '' lenresult=1 outcome='passed'> [hook]
        pytest_collectreport [hook]
            report: <CollectReport '' lenresult=1 outcome='passed'>
        finish pytest_collectreport --> [] [hook]
    genitems <Dir pysite> [collection]
      pytest_collectstart [hook]
          collector: <Dir pysite>
      finish pytest_collectstart --> [] [hook]
      pytest_make_collect_report [hook]
          collector: <Dir pysite>
        pytest_ignore_collect [hook]
            config: <_pytest.config.Config object at 0x000001CAD5A441A0>
            collection_path: C:\pysite\.env
            path: C:\pysite\.env
        finish pytest_ignore_collect --> None [hook]
        pytest_collect_file [hook]
            parent: <Dir pysite>
            file_path: C:\pysite\.env
            path: C:\pysite\.env
        finish pytest_collect_file --> [] [hook]
        pytest_ignore_collect [hook]
            config: <_pytest.config.Config object at 0x000001CAD5A441A0>
            collection_path: C:\pysite\.git
            path: C:\pysite\.git
        finish pytest_ignore_collect --> True [hook]
        pytest_ignore_collect [hook]
            config: <_pytest.config.Config object at 0x000001CAD5A441A0>
            collection_path: C:\pysite\.gitignore
            path: C:\pysite\.gitignore
        finish pytest_ignore_collect --> None [hook]
        pytest_collect_file [hook]
            parent: <Dir pysite>
            file_path: C:\pysite\.gitignore
            path: C:\pysite\.gitignore
        finish pytest_collect_file --> [] [hook]
        pytest_ignore_collect [hook]
            config: <_pytest.config.Config object at 0x000001CAD5A441A0>
            collection_path: C:\pysite\.idea
            path: C:\pysite\.idea
        finish pytest_ignore_collect --> True [hook]
        pytest_ignore_collect [hook]
            config: <_pytest.config.Config object at 0x000001CAD5A441A0>
            collection_path: C:\pysite\.pytest_cache
            path: C:\pysite\.pytest_cache
        finish pytest_ignore_collect --> True [hook]
        pytest_ignore_collect [hook]
            config: <_pytest.config.Config object at 0x000001CAD5A441A0>
            collection_path: C:\pysite\.venv
            path: C:\pysite\.venv
        finish pytest_ignore_collect --> True [hook]
        pytest_ignore_collect [hook]
            config: <_pytest.config.Config object at 0x000001CAD5A441A0>
            collection_path: C:\pysite\__pycache__
            path: C:\pysite\__pycache__
        finish pytest_ignore_collect --> True [hook]
        pytest_ignore_collect [hook]
            config: <_pytest.config.Config object at 0x000001CAD5A441A0>
            collection_path: C:\pysite\alembic.ini
            path: C:\pysite\alembic.ini
        finish pytest_ignore_collect --> None [hook]
        pytest_collect_file [hook]
            parent: <Dir pysite>
            file_path: C:\pysite\alembic.ini
            path: C:\pysite\alembic.ini
        finish pytest_collect_file --> [] [hook]
        pytest_ignore_collect [hook]
            config: <_pytest.config.Config object at 0x000001CAD5A441A0>
            collection_path: C:\pysite\app
            path: C:\pysite\app
        finish pytest_ignore_collect --> None [hook]
        pytest_collect_directory [hook]
            path: C:\pysite\app
            parent: <Dir pysite>
        finish pytest_collect_directory --> <Package app> [hook]
        pytest_ignore_collect [hook]
            config: <_pytest.config.Config object at 0x000001CAD5A441A0>
            collection_path: C:\pysite\core
            path: C:\pysite\core
        finish pytest_ignore_collect --> None [hook]
        pytest_collect_directory [hook]
            path: C:\pysite\core
            parent: <Dir pysite>
        finish pytest_collect_directory --> <Package core> [hook]
        pytest_ignore_collect [hook]
            config: <_pytest.config.Config object at 0x000001CAD5A441A0>
            collection_path: C:\pysite\db
            path: C:\pysite\db
        finish pytest_ignore_collect --> None [hook]
        pytest_collect_directory [hook]
            path: C:\pysite\db
            parent: <Dir pysite>
        finish pytest_collect_directory --> <Package db> [hook]
        pytest_ignore_collect [hook]
            config: <_pytest.config.Config object at 0x000001CAD5A441A0>
            collection_path: C:\pysite\domain
            path: C:\pysite\domain
        finish pytest_ignore_collect --> None [hook]
        pytest_collect_directory [hook]
            path: C:\pysite\domain
            parent: <Dir pysite>
        finish pytest_collect_directory --> <Package domain> [hook]
        pytest_ignore_collect [hook]
            config: <_pytest.config.Config object at 0x000001CAD5A441A0>
            collection_path: C:\pysite\main_app.py
            path: C:\pysite\main_app.py
        finish pytest_ignore_collect --> None [hook]
        pytest_collect_file [hook]
            parent: <Dir pysite>
            file_path: C:\pysite\main_app.py
            path: C:\pysite\main_app.py
        finish pytest_collect_file --> [] [hook]
        pytest_ignore_collect [hook]
            config: <_pytest.config.Config object at 0x000001CAD5A441A0>
            collection_path: C:\pysite\migrations
            path: C:\pysite\migrations
        finish pytest_ignore_collect --> None [hook]
        pytest_collect_directory [hook]
            path: C:\pysite\migrations
            parent: <Dir pysite>
        finish pytest_collect_directory --> <Dir migrations> [hook]
        pytest_ignore_collect [hook]
            config: <_pytest.config.Config object at 0x000001CAD5A441A0>
            collection_path: C:\pysite\nginx.conf
            path: C:\pysite\nginx.conf
        finish pytest_ignore_collect --> None [hook]
        pytest_collect_file [hook]
            parent: <Dir pysite>
            file_path: C:\pysite\nginx.conf
            path: C:\pysite\nginx.conf
        finish pytest_collect_file --> [] [hook]
        pytest_ignore_collect [hook]
            config: <_pytest.config.Config object at 0x000001CAD5A441A0>
            collection_path: C:\pysite\old_nginx.conf
            path: C:\pysite\old_nginx.conf
        finish pytest_ignore_collect --> None [hook]
        pytest_collect_file [hook]
            parent: <Dir pysite>
            file_path: C:\pysite\old_nginx.conf
            path: C:\pysite\old_nginx.conf
        finish pytest_collect_file --> [] [hook]
        pytest_ignore_collect [hook]
            config: <_pytest.config.Config object at 0x000001CAD5A441A0>
            collection_path: C:\pysite\pytestdebug.log
            path: C:\pysite\pytestdebug.log
        finish pytest_ignore_collect --> None [hook]
        pytest_collect_file [hook]
            parent: <Dir pysite>
            file_path: C:\pysite\pytestdebug.log
            path: C:\pysite\pytestdebug.log
        finish pytest_collect_file --> [] [hook]
        pytest_ignore_collect [hook]
            config: <_pytest.config.Config object at 0x000001CAD5A441A0>
            collection_path: C:\pysite\repo
            path: C:\pysite\repo
        finish pytest_ignore_collect --> None [hook]
        pytest_collect_directory [hook]
            path: C:\pysite\repo
            parent: <Dir pysite>
        finish pytest_collect_directory --> <Package repo> [hook]
        pytest_ignore_collect [hook]
            config: <_pytest.config.Config object at 0x000001CAD5A441A0>
            collection_path: C:\pysite\req.txt
            path: C:\pysite\req.txt
        finish pytest_ignore_collect --> None [hook]
        pytest_collect_file [hook]
            parent: <Dir pysite>
            file_path: C:\pysite\req.txt
            path: C:\pysite\req.txt
        finish pytest_collect_file --> [] [hook]
        pytest_ignore_collect [hook]
            config: <_pytest.config.Config object at 0x000001CAD5A441A0>
            collection_path: C:\pysite\services
            path: C:\pysite\services
        finish pytest_ignore_collect --> None [hook]
        pytest_collect_directory [hook]
            path: C:\pysite\services
            parent: <Dir pysite>
        finish pytest_collect_directory --> <Package services> [hook]
        pytest_ignore_collect [hook]
            config: <_pytest.config.Config object at 0x000001CAD5A441A0>
            collection_path: C:\pysite\static
            path: C:\pysite\static
        finish pytest_ignore_collect --> None [hook]
        pytest_collect_directory [hook]
            path: C:\pysite\static
            parent: <Dir pysite>
        finish pytest_collect_directory --> <Dir static> [hook]
        pytest_ignore_collect [hook]
            config: <_pytest.config.Config object at 0x000001CAD5A441A0>
            collection_path: C:\pysite\templates
            path: C:\pysite\templates
        finish pytest_ignore_collect --> None [hook]
        pytest_collect_directory [hook]
            path: C:\pysite\templates
            parent: <Dir pysite>
        finish pytest_collect_directory --> <Dir templates> [hook]
        pytest_ignore_collect [hook]
            config: <_pytest.config.Config object at 0x000001CAD5A441A0>
            collection_path: C:\pysite\tests
            path: C:\pysite\tests
        finish pytest_ignore_collect --> None [hook]
        pytest_collect_directory [hook]
            path: C:\pysite\tests
            parent: <Dir pysite>
        finish pytest_collect_directory --> <Package tests> [hook]
      finish pytest_make_collect_report --> <CollectReport '.' lenresult=10 outcome='passed'> [hook]
    genitems <Package app> [collection]
      pytest_collectstart [hook]
          collector: <Package app>
      finish pytest_collectstart --> [] [hook]
      pytest_make_collect_report [hook]
          collector: <Package app>
        pytest_ignore_collect [hook]
            config: <_pytest.config.Config object at 0x000001CAD5A441A0>
            collection_path: C:\pysite\app\__init__.py
            path: C:\pysite\app\__init__.py
        finish pytest_ignore_collect --> None [hook]
        pytest_collect_file [hook]
            parent: <Package app>
            file_path: C:\pysite\app\__init__.py
            path: C:\pysite\app\__init__.py
        finish pytest_collect_file --> [] [hook]
        pytest_ignore_collect [hook]
            config: <_pytest.config.Config object at 0x000001CAD5A441A0>
            collection_path: C:\pysite\app\__pycache__
            path: C:\pysite\app\__pycache__
        finish pytest_ignore_collect --> True [hook]
        pytest_ignore_collect [hook]
            config: <_pytest.config.Config object at 0x000001CAD5A441A0>
            collection_path: C:\pysite\app\exceptions
            path: C:\pysite\app\exceptions
        finish pytest_ignore_collect --> None [hook]
        pytest_collect_directory [hook]
            path: C:\pysite\app\exceptions
            parent: <Package app>
        finish pytest_collect_directory --> <Package exceptions> [hook]
        pytest_ignore_collect [hook]
            config: <_pytest.config.Config object at 0x000001CAD5A441A0>
            collection_path: C:\pysite\app\presentation
            path: C:\pysite\app\presentation
        finish pytest_ignore_collect --> None [hook]
        pytest_collect_directory [hook]
            path: C:\pysite\app\presentation
            parent: <Package app>
        finish pytest_collect_directory --> <Package presentation> [hook]
        pytest_ignore_collect [hook]
            config: <_pytest.config.Config object at 0x000001CAD5A441A0>
            collection_path: C:\pysite\app\schemas
            path: C:\pysite\app\schemas
        finish pytest_ignore_collect --> None [hook]
        pytest_collect_directory [hook]
            path: C:\pysite\app\schemas
            parent: <Package app>
        finish pytest_collect_directory --> <Package schemas> [hook]
      finish pytest_make_collect_report --> <CollectReport 'app' lenresult=3 outcome='passed'> [hook]
    genitems <Package exceptions> [collection]
      pytest_collectstart [hook]
          collector: <Package exceptions>
      finish pytest_collectstart --> [] [hook]
      pytest_make_collect_report [hook]
          collector: <Package exceptions>
        pytest_ignore_collect [hook]
            config: <_pytest.config.Config object at 0x000001CAD5A441A0>
            collection_path: C:\pysite\app\exceptions\__init__.py
            path: C:\pysite\app\exceptions\__init__.py
        finish pytest_ignore_collect --> None [hook]
        pytest_collect_file [hook]
            parent: <Package exceptions>
            file_path: C:\pysite\app\exceptions\__init__.py
            path: C:\pysite\app\exceptions\__init__.py
        finish pytest_collect_file --> [] [hook]
        pytest_ignore_collect [hook]
            config: <_pytest.config.Config object at 0x000001CAD5A441A0>
            collection_path: C:\pysite\app\exceptions\__pycache__
            path: C:\pysite\app\exceptions\__pycache__
        finish pytest_ignore_collect --> True [hook]
        pytest_ignore_collect [hook]
            config: <_pytest.config.Config object at 0x000001CAD5A441A0>
            collection_path: C:\pysite\app\exceptions\api_handlers.py
            path: C:\pysite\app\exceptions\api_handlers.py
        finish pytest_ignore_collect --> None [hook]
        pytest_collect_file [hook]
            parent: <Package exceptions>
            file_path: C:\pysite\app\exceptions\api_handlers.py
            path: C:\pysite\app\exceptions\api_handlers.py
        finish pytest_collect_file --> [] [hook]
        pytest_ignore_collect [hook]
            config: <_pytest.config.Config object at 0x000001CAD5A441A0>
            collection_path: C:\pysite\app\exceptions\presentation_handlers.py
            path: C:\pysite\app\exceptions\presentation_handlers.py
        finish pytest_ignore_collect --> None [hook]
        pytest_collect_file [hook]
            parent: <Package exceptions>
            file_path: C:\pysite\app\exceptions\presentation_handlers.py
            path: C:\pysite\app\exceptions\presentation_handlers.py
        finish pytest_collect_file --> [] [hook]
      finish pytest_make_collect_report --> <CollectReport 'app/exceptions' lenresult=0 outcome='passed'> [hook]
      pytest_collectreport [hook]
          report: <CollectReport 'app/exceptions' lenresult=0 outcome='passed'>
      finish pytest_collectreport --> [] [hook]
    genitems <Package presentation> [collection]
      pytest_collectstart [hook]
          collector: <Package presentation>
      finish pytest_collectstart --> [] [hook]
      pytest_make_collect_report [hook]
          collector: <Package presentation>
        pytest_ignore_collect [hook]
            config: <_pytest.config.Config object at 0x000001CAD5A441A0>
            collection_path: C:\pysite\app\presentation\__init__.py
            path: C:\pysite\app\presentation\__init__.py
        finish pytest_ignore_collect --> None [hook]
        pytest_collect_file [hook]
            parent: <Package presentation>
            file_path: C:\pysite\app\presentation\__init__.py
            path: C:\pysite\app\presentation\__init__.py
        finish pytest_collect_file --> [] [hook]
        pytest_ignore_collect [hook]
            config: <_pytest.config.Config object at 0x000001CAD5A441A0>
            collection_path: C:\pysite\app\presentation\__pycache__
            path: C:\pysite\app\presentation\__pycache__
        finish pytest_ignore_collect --> True [hook]
        pytest_ignore_collect [hook]
            config: <_pytest.config.Config object at 0x000001CAD5A441A0>
            collection_path: C:\pysite\app\presentation\entities
            path: C:\pysite\app\presentation\entities
        finish pytest_ignore_collect --> None [hook]
        pytest_collect_directory [hook]
            path: C:\pysite\app\presentation\entities
            parent: <Package presentation>
        finish pytest_collect_directory --> <Package entities> [hook]
        pytest_ignore_collect [hook]
            config: <_pytest.config.Config object at 0x000001CAD5A441A0>
            collection_path: C:\pysite\app\presentation\views
            path: C:\pysite\app\presentation\views
        finish pytest_ignore_collect --> None [hook]
        pytest_collect_directory [hook]
            path: C:\pysite\app\presentation\views
            parent: <Package presentation>
        finish pytest_collect_directory --> <Package views> [hook]
      finish pytest_make_collect_report --> <CollectReport 'app/presentation' lenresult=2 outcome='passed'> [hook]
    genitems <Package entities> [collection]
      pytest_collectstart [hook]
          collector: <Package entities>
      finish pytest_collectstart --> [] [hook]
      pytest_make_collect_report [hook]
          collector: <Package entities>
        pytest_ignore_collect [hook]
            config: <_pytest.config.Config object at 0x000001CAD5A441A0>
            collection_path: C:\pysite\app\presentation\entities\__init__.py
            path: C:\pysite\app\presentation\entities\__init__.py
        finish pytest_ignore_collect --> None [hook]
        pytest_collect_file [hook]
            parent: <Package entities>
            file_path: C:\pysite\app\presentation\entities\__init__.py
            path: C:\pysite\app\presentation\entities\__init__.py
        finish pytest_collect_file --> [] [hook]
        pytest_ignore_collect [hook]
            config: <_pytest.config.Config object at 0x000001CAD5A441A0>
            collection_path: C:\pysite\app\presentation\entities\__pycache__
            path: C:\pysite\app\presentation\entities\__pycache__
        finish pytest_ignore_collect --> True [hook]
        pytest_ignore_collect [hook]
            config: <_pytest.config.Config object at 0x000001CAD5A441A0>
            collection_path: C:\pysite\app\presentation\entities\category.py
            path: C:\pysite\app\presentation\entities\category.py
        finish pytest_ignore_collect --> None [hook]
        pytest_collect_file [hook]
            parent: <Package entities>
            file_path: C:\pysite\app\presentation\entities\category.py
            path: C:\pysite\app\presentation\entities\category.py
        finish pytest_collect_file --> [] [hook]
        pytest_ignore_collect [hook]
            config: <_pytest.config.Config object at 0x000001CAD5A441A0>
            collection_path: C:\pysite\app\presentation\entities\collections.py
            path: C:\pysite\app\presentation\entities\collections.py
        finish pytest_ignore_collect --> None [hook]
        pytest_collect_file [hook]
            parent: <Package entities>
            file_path: C:\pysite\app\presentation\entities\collections.py
            path: C:\pysite\app\presentation\entities\collections.py
        finish pytest_collect_file --> [] [hook]
        pytest_ignore_collect [hook]
            config: <_pytest.config.Config object at 0x000001CAD5A441A0>
            collection_path: C:\pysite\app\presentation\entities\tile.py
            path: C:\pysite\app\presentation\entities\tile.py
        finish pytest_ignore_collect --> None [hook]
        pytest_collect_file [hook]
            parent: <Package entities>
            file_path: C:\pysite\app\presentation\entities\tile.py
            path: C:\pysite\app\presentation\entities\tile.py
        finish pytest_collect_file --> [] [hook]
        pytest_ignore_collect [hook]
            config: <_pytest.config.Config object at 0x000001CAD5A441A0>
            collection_path: C:\pysite\app\presentation\entities\tile_boxes.py
            path: C:\pysite\app\presentation\entities\tile_boxes.py
        finish pytest_ignore_collect --> None [hook]
        pytest_collect_file [hook]
            parent: <Package entities>
            file_path: C:\pysite\app\presentation\entities\tile_boxes.py
            path: C:\pysite\app\presentation\entities\tile_boxes.py
        finish pytest_collect_file --> [] [hook]
        pytest_ignore_collect [hook]
            config: <_pytest.config.Config object at 0x000001CAD5A441A0>
            collection_path: C:\pysite\app\presentation\entities\tile_color.py
            path: C:\pysite\app\presentation\entities\tile_color.py
        finish pytest_ignore_collect --> None [hook]
        pytest_collect_file [hook]
            parent: <Package entities>
            file_path: C:\pysite\app\presentation\entities\tile_color.py
            path: C:\pysite\app\presentation\entities\tile_color.py
        finish pytest_collect_file --> [] [hook]
        pytest_ignore_collect [hook]
            config: <_pytest.config.Config object at 0x000001CAD5A441A0>
            collection_path: C:\pysite\app\presentation\entities\tile_producers.py
            path: C:\pysite\app\presentation\entities\tile_producers.py
        finish pytest_ignore_collect --> None [hook]
        pytest_collect_file [hook]
            parent: <Package entities>
            file_path: C:\pysite\app\presentation\entities\tile_producers.py
            path: C:\pysite\app\presentation\entities\tile_producers.py
        finish pytest_collect_file --> [] [hook]
        pytest_ignore_collect [hook]
            config: <_pytest.config.Config object at 0x000001CAD5A441A0>
            collection_path: C:\pysite\app\presentation\entities\tile_size.py
            path: C:\pysite\app\presentation\entities\tile_size.py
        finish pytest_ignore_collect --> None [hook]
        pytest_collect_file [hook]
            parent: <Package entities>
            file_path: C:\pysite\app\presentation\entities\tile_size.py
            path: C:\pysite\app\presentation\entities\tile_size.py
        finish pytest_collect_file --> [] [hook]
        pytest_ignore_collect [hook]
            config: <_pytest.config.Config object at 0x000001CAD5A441A0>
            collection_path: C:\pysite\app\presentation\entities\tile_surface.py
            path: C:\pysite\app\presentation\entities\tile_surface.py
        finish pytest_ignore_collect --> None [hook]
        pytest_collect_file [hook]
            parent: <Package entities>
            file_path: C:\pysite\app\presentation\entities\tile_surface.py
            path: C:\pysite\app\presentation\entities\tile_surface.py
        finish pytest_collect_file --> [] [hook]
      finish pytest_make_collect_report --> <CollectReport 'app/presentation/entities' lenresult=0 outcome='passed'> [hook]
      pytest_collectreport [hook]
          report: <CollectReport 'app/presentation/entities' lenresult=0 outcome='passed'>
      finish pytest_collectreport --> [] [hook]
    genitems <Package views> [collection]
      pytest_collectstart [hook]
          collector: <Package views>
      finish pytest_collectstart --> [] [hook]
      pytest_make_collect_report [hook]
          collector: <Package views>
        pytest_ignore_collect [hook]
            config: <_pytest.config.Config object at 0x000001CAD5A441A0>
            collection_path: C:\pysite\app\presentation\views\__init__.py
            path: C:\pysite\app\presentation\views\__init__.py
        finish pytest_ignore_collect --> None [hook]
        pytest_collect_file [hook]
            parent: <Package views>
            file_path: C:\pysite\app\presentation\views\__init__.py
            path: C:\pysite\app\presentation\views\__init__.py
        finish pytest_collect_file --> [] [hook]
        pytest_ignore_collect [hook]
            config: <_pytest.config.Config object at 0x000001CAD5A441A0>
            collection_path: C:\pysite\app\presentation\views\__pycache__
            path: C:\pysite\app\presentation\views\__pycache__
        finish pytest_ignore_collect --> True [hook]
        pytest_ignore_collect [hook]
            config: <_pytest.config.Config object at 0x000001CAD5A441A0>
            collection_path: C:\pysite\app\presentation\views\admin.py
            path: C:\pysite\app\presentation\views\admin.py
        finish pytest_ignore_collect --> None [hook]
        pytest_collect_file [hook]
            parent: <Package views>
            file_path: C:\pysite\app\presentation\views\admin.py
            path: C:\pysite\app\presentation\views\admin.py
        finish pytest_collect_file --> [] [hook]
        pytest_ignore_collect [hook]
            config: <_pytest.config.Config object at 0x000001CAD5A441A0>
            collection_path: C:\pysite\app\presentation\views\catalog.py
            path: C:\pysite\app\presentation\views\catalog.py
        finish pytest_ignore_collect --> None [hook]
        pytest_collect_file [hook]
            parent: <Package views>
            file_path: C:\pysite\app\presentation\views\catalog.py
            path: C:\pysite\app\presentation\views\catalog.py
        finish pytest_collect_file --> [] [hook]
        pytest_ignore_collect [hook]
            config: <_pytest.config.Config object at 0x000001CAD5A441A0>
            collection_path: C:\pysite\app\presentation\views\clients.py
            path: C:\pysite\app\presentation\views\clients.py
        finish pytest_ignore_collect --> None [hook]
        pytest_collect_file [hook]
            parent: <Package views>
            file_path: C:\pysite\app\presentation\views\clients.py
            path: C:\pysite\app\presentation\views\clients.py
        finish pytest_collect_file --> [] [hook]
        pytest_ignore_collect [hook]
            config: <_pytest.config.Config object at 0x000001CAD5A441A0>
            collection_path: C:\pysite\app\presentation\views\collections.py
            path: C:\pysite\app\presentation\views\collections.py
        finish pytest_ignore_collect --> None [hook]
        pytest_collect_file [hook]
            parent: <Package views>
            file_path: C:\pysite\app\presentation\views\collections.py
            path: C:\pysite\app\presentation\views\collections.py
        finish pytest_collect_file --> [] [hook]
        pytest_ignore_collect [hook]
            config: <_pytest.config.Config object at 0x000001CAD5A441A0>
            collection_path: C:\pysite\app\presentation\views\home.py
            path: C:\pysite\app\presentation\views\home.py
        finish pytest_ignore_collect --> None [hook]
        pytest_collect_file [hook]
            parent: <Package views>
            file_path: C:\pysite\app\presentation\views\home.py
            path: C:\pysite\app\presentation\views\home.py
        finish pytest_collect_file --> [] [hook]
      finish pytest_make_collect_report --> <CollectReport 'app/presentation/views' lenresult=0 outcome='passed'> [hook]
      pytest_collectreport [hook]
          report: <CollectReport 'app/presentation/views' lenresult=0 outcome='passed'>
      finish pytest_collectreport --> [] [hook]
      pytest_collectreport [hook]
          report: <CollectReport 'app/presentation' lenresult=2 outcome='passed'>
      finish pytest_collectreport --> [] [hook]
    genitems <Package schemas> [collection]
      pytest_collectstart [hook]
          collector: <Package schemas>
      finish pytest_collectstart --> [] [hook]
      pytest_make_collect_report [hook]
          collector: <Package schemas>
        pytest_ignore_collect [hook]
            config: <_pytest.config.Config object at 0x000001CAD5A441A0>
            collection_path: C:\pysite\app\schemas\__init__.py
            path: C:\pysite\app\schemas\__init__.py
        finish pytest_ignore_collect --> None [hook]
        pytest_collect_file [hook]
            parent: <Package schemas>
            file_path: C:\pysite\app\schemas\__init__.py
            path: C:\pysite\app\schemas\__init__.py
        finish pytest_collect_file --> [] [hook]
        pytest_ignore_collect [hook]
            config: <_pytest.config.Config object at 0x000001CAD5A441A0>
            collection_path: C:\pysite\app\schemas\__pycache__
            path: C:\pysite\app\schemas\__pycache__
        finish pytest_ignore_collect --> True [hook]
        pytest_ignore_collect [hook]
            config: <_pytest.config.Config object at 0x000001CAD5A441A0>
            collection_path: C:\pysite\app\schemas\exceptions.py
            path: C:\pysite\app\schemas\exceptions.py
        finish pytest_ignore_collect --> None [hook]
        pytest_collect_file [hook]
            parent: <Package schemas>
            file_path: C:\pysite\app\schemas\exceptions.py
            path: C:\pysite\app\schemas\exceptions.py
        finish pytest_collect_file --> [] [hook]
        pytest_ignore_collect [hook]
            config: <_pytest.config.Config object at 0x000001CAD5A441A0>
            collection_path: C:\pysite\app\schemas\tile.py
            path: C:\pysite\app\schemas\tile.py
        finish pytest_ignore_collect --> None [hook]
        pytest_collect_file [hook]
            parent: <Package schemas>
            file_path: C:\pysite\app\schemas\tile.py
            path: C:\pysite\app\schemas\tile.py
        finish pytest_collect_file --> [] [hook]
      finish pytest_make_collect_report --> <CollectReport 'app/schemas' lenresult=0 outcome='passed'> [hook]
      pytest_collectreport [hook]
          report: <CollectReport 'app/schemas' lenresult=0 outcome='passed'>
      finish pytest_collectreport --> [] [hook]
      pytest_collectreport [hook]
          report: <CollectReport 'app' lenresult=3 outcome='passed'>
      finish pytest_collectreport --> [] [hook]
    genitems <Package core> [collection]
      pytest_collectstart [hook]
          collector: <Package core>
      finish pytest_collectstart --> [] [hook]
      pytest_make_collect_report [hook]
          collector: <Package core>
        pytest_ignore_collect [hook]
            config: <_pytest.config.Config object at 0x000001CAD5A441A0>
            collection_path: C:\pysite\core\__init__.py
            path: C:\pysite\core\__init__.py
        finish pytest_ignore_collect --> None [hook]
        pytest_collect_file [hook]
            parent: <Package core>
            file_path: C:\pysite\core\__init__.py
            path: C:\pysite\core\__init__.py
        finish pytest_collect_file --> [] [hook]
        pytest_ignore_collect [hook]
            config: <_pytest.config.Config object at 0x000001CAD5A441A0>
            collection_path: C:\pysite\core\__pycache__
            path: C:\pysite\core\__pycache__
        finish pytest_ignore_collect --> True [hook]
        pytest_ignore_collect [hook]
            config: <_pytest.config.Config object at 0x000001CAD5A441A0>
            collection_path: C:\pysite\core\config.py
            path: C:\pysite\core\config.py
        finish pytest_ignore_collect --> None [hook]
        pytest_collect_file [hook]
            parent: <Package core>
            file_path: C:\pysite\core\config.py
            path: C:\pysite\core\config.py
        finish pytest_collect_file --> [] [hook]
        pytest_ignore_collect [hook]
            config: <_pytest.config.Config object at 0x000001CAD5A441A0>
            collection_path: C:\pysite\core\logger.py
            path: C:\pysite\core\logger.py
        finish pytest_ignore_collect --> None [hook]
        pytest_collect_file [hook]
            parent: <Package core>
            file_path: C:\pysite\core\logger.py
            path: C:\pysite\core\logger.py
        finish pytest_collect_file --> [] [hook]
      finish pytest_make_collect_report --> <CollectReport 'core' lenresult=0 outcome='passed'> [hook]
      pytest_collectreport [hook]
          report: <CollectReport 'core' lenresult=0 outcome='passed'>
      finish pytest_collectreport --> [] [hook]
    genitems <Package db> [collection]
      pytest_collectstart [hook]
          collector: <Package db>
      finish pytest_collectstart --> [] [hook]
      pytest_make_collect_report [hook]
          collector: <Package db>
        pytest_ignore_collect [hook]
            config: <_pytest.config.Config object at 0x000001CAD5A441A0>
            collection_path: C:\pysite\db\__init__.py
            path: C:\pysite\db\__init__.py
        finish pytest_ignore_collect --> None [hook]
        pytest_collect_file [hook]
            parent: <Package db>
            file_path: C:\pysite\db\__init__.py
            path: C:\pysite\db\__init__.py
        finish pytest_collect_file --> [] [hook]
        pytest_ignore_collect [hook]
            config: <_pytest.config.Config object at 0x000001CAD5A441A0>
            collection_path: C:\pysite\db\__pycache__
            path: C:\pysite\db\__pycache__
        finish pytest_ignore_collect --> True [hook]
        pytest_ignore_collect [hook]
            config: <_pytest.config.Config object at 0x000001CAD5A441A0>
            collection_path: C:\pysite\db\models.py
            path: C:\pysite\db\models.py
        finish pytest_ignore_collect --> None [hook]
        pytest_collect_file [hook]
            parent: <Package db>
            file_path: C:\pysite\db\models.py
            path: C:\pysite\db\models.py
        finish pytest_collect_file --> [] [hook]
      finish pytest_make_collect_report --> <CollectReport 'db' lenresult=0 outcome='passed'> [hook]
      pytest_collectreport [hook]
          report: <CollectReport 'db' lenresult=0 outcome='passed'>
      finish pytest_collectreport --> [] [hook]
    genitems <Package domain> [collection]
      pytest_collectstart [hook]
          collector: <Package domain>
      finish pytest_collectstart --> [] [hook]
      pytest_make_collect_report [hook]
          collector: <Package domain>
        pytest_ignore_collect [hook]
            config: <_pytest.config.Config object at 0x000001CAD5A441A0>
            collection_path: C:\pysite\domain\__init__.py
            path: C:\pysite\domain\__init__.py
        finish pytest_ignore_collect --> None [hook]
        pytest_collect_file [hook]
            parent: <Package domain>
            file_path: C:\pysite\domain\__init__.py
            path: C:\pysite\domain\__init__.py
        finish pytest_collect_file --> [] [hook]
        pytest_ignore_collect [hook]
            config: <_pytest.config.Config object at 0x000001CAD5A441A0>
            collection_path: C:\pysite\domain\__pycache__
            path: C:\pysite\domain\__pycache__
        finish pytest_ignore_collect --> True [hook]
        pytest_ignore_collect [hook]
            config: <_pytest.config.Config object at 0x000001CAD5A441A0>
            collection_path: C:\pysite\domain\tile.py
            path: C:\pysite\domain\tile.py
        finish pytest_ignore_collect --> None [hook]
        pytest_collect_file [hook]
            parent: <Package domain>
            file_path: C:\pysite\domain\tile.py
            path: C:\pysite\domain\tile.py
        finish pytest_collect_file --> [] [hook]
      finish pytest_make_collect_report --> <CollectReport 'domain' lenresult=0 outcome='passed'> [hook]
      pytest_collectreport [hook]
          report: <CollectReport 'domain' lenresult=0 outcome='passed'>
      finish pytest_collectreport --> [] [hook]
    genitems <Dir migrations> [collection]
      pytest_collectstart [hook]
          collector: <Dir migrations>
      finish pytest_collectstart --> [] [hook]
      pytest_make_collect_report [hook]
          collector: <Dir migrations>
        pytest_ignore_collect [hook]
            config: <_pytest.config.Config object at 0x000001CAD5A441A0>
            collection_path: C:\pysite\migrations\README
            path: C:\pysite\migrations\README
        finish pytest_ignore_collect --> None [hook]
        pytest_collect_file [hook]
            parent: <Dir migrations>
            file_path: C:\pysite\migrations\README
            path: C:\pysite\migrations\README
        finish pytest_collect_file --> [] [hook]
        pytest_ignore_collect [hook]
            config: <_pytest.config.Config object at 0x000001CAD5A441A0>
            collection_path: C:\pysite\migrations\__pycache__
            path: C:\pysite\migrations\__pycache__
        finish pytest_ignore_collect --> True [hook]
        pytest_ignore_collect [hook]
            config: <_pytest.config.Config object at 0x000001CAD5A441A0>
            collection_path: C:\pysite\migrations\env.py
            path: C:\pysite\migrations\env.py
        finish pytest_ignore_collect --> None [hook]
        pytest_collect_file [hook]
            parent: <Dir migrations>
            file_path: C:\pysite\migrations\env.py
            path: C:\pysite\migrations\env.py
        finish pytest_collect_file --> [] [hook]
        pytest_ignore_collect [hook]
            config: <_pytest.config.Config object at 0x000001CAD5A441A0>
            collection_path: C:\pysite\migrations\script.py.mako
            path: C:\pysite\migrations\script.py.mako
        finish pytest_ignore_collect --> None [hook]
        pytest_collect_file [hook]
            parent: <Dir migrations>
            file_path: C:\pysite\migrations\script.py.mako
            path: C:\pysite\migrations\script.py.mako
        finish pytest_collect_file --> [] [hook]
        pytest_ignore_collect [hook]
            config: <_pytest.config.Config object at 0x000001CAD5A441A0>
            collection_path: C:\pysite\migrations\versions
            path: C:\pysite\migrations\versions
        finish pytest_ignore_collect --> None [hook]
        pytest_collect_directory [hook]
            path: C:\pysite\migrations\versions
            parent: <Dir migrations>
        finish pytest_collect_directory --> <Dir versions> [hook]
      finish pytest_make_collect_report --> <CollectReport 'migrations' lenresult=1 outcome='passed'> [hook]
    genitems <Dir versions> [collection]
      pytest_collectstart [hook]
          collector: <Dir versions>
      finish pytest_collectstart --> [] [hook]
      pytest_make_collect_report [hook]
          collector: <Dir versions>
        pytest_ignore_collect [hook]
            config: <_pytest.config.Config object at 0x000001CAD5A441A0>
            collection_path: C:\pysite\migrations\versions\015868780356_size_decimal_5_2.py
            path: C:\pysite\migrations\versions\015868780356_size_decimal_5_2.py
        finish pytest_ignore_collect --> None [hook]
        pytest_collect_file [hook]
            parent: <Dir versions>
            file_path: C:\pysite\migrations\versions\015868780356_size_decimal_5_2.py
            path: C:\pysite\migrations\versions\015868780356_size_decimal_5_2.py
        finish pytest_collect_file --> [] [hook]
        pytest_ignore_collect [hook]
            config: <_pytest.config.Config object at 0x000001CAD5A441A0>
            collection_path: C:\pysite\migrations\versions\1566e8a4d195_add_columns_size_id_box_id.py
            path: C:\pysite\migrations\versions\1566e8a4d195_add_columns_size_id_box_id.py
        finish pytest_ignore_collect --> None [hook]
        pytest_collect_file [hook]
            parent: <Dir versions>
            file_path: C:\pysite\migrations\versions\1566e8a4d195_add_columns_size_id_box_id.py
            path: C:\pysite\migrations\versions\1566e8a4d195_add_columns_size_id_box_id.py
        finish pytest_collect_file --> [] [hook]
        pytest_ignore_collect [hook]
            config: <_pytest.config.Config object at 0x000001CAD5A441A0>
            collection_path: C:\pysite\migrations\versions\6173f9f03841_add_unique_constraint_in_boxes_and_tile_.py
            path: C:\pysite\migrations\versions\6173f9f03841_add_unique_constraint_in_boxes_and_tile_.py
        finish pytest_ignore_collect --> None [hook]
        pytest_collect_file [hook]
            parent: <Dir versions>
            file_path: C:\pysite\migrations\versions\6173f9f03841_add_unique_constraint_in_boxes_and_tile_.py
            path: C:\pysite\migrations\versions\6173f9f03841_add_unique_constraint_in_boxes_and_tile_.py
        finish pytest_collect_file --> [] [hook]
        pytest_ignore_collect [hook]
            config: <_pytest.config.Config object at 0x000001CAD5A441A0>
            collection_path: C:\pysite\migrations\versions\693e91c103cc_column_name_not_unqic_in_catalog.py
            path: C:\pysite\migrations\versions\693e91c103cc_column_name_not_unqic_in_catalog.py
        finish pytest_ignore_collect --> None [hook]
        pytest_collect_file [hook]
            parent: <Dir versions>
            file_path: C:\pysite\migrations\versions\693e91c103cc_column_name_not_unqic_in_catalog.py
            path: C:\pysite\migrations\versions\693e91c103cc_column_name_not_unqic_in_catalog.py
        finish pytest_collect_file --> [] [hook]
        pytest_ignore_collect [hook]
            config: <_pytest.config.Config object at 0x000001CAD5A441A0>
            collection_path: C:\pysite\migrations\versions\7fd95e951603_delete_column_category_in_collections.py
            path: C:\pysite\migrations\versions\7fd95e951603_delete_column_category_in_collections.py
        finish pytest_ignore_collect --> None [hook]
        pytest_collect_file [hook]
            parent: <Dir versions>
            file_path: C:\pysite\migrations\versions\7fd95e951603_delete_column_category_in_collections.py
            path: C:\pysite\migrations\versions\7fd95e951603_delete_column_category_in_collections.py
        finish pytest_collect_file --> [] [hook]
        pytest_ignore_collect [hook]
            config: <_pytest.config.Config object at 0x000001CAD5A441A0>
            collection_path: C:\pysite\migrations\versions\8ca2e012f82d_add_table_collections.py
            path: C:\pysite\migrations\versions\8ca2e012f82d_add_table_collections.py
        finish pytest_ignore_collect --> None [hook]
        pytest_collect_file [hook]
            parent: <Dir versions>
            file_path: C:\pysite\migrations\versions\8ca2e012f82d_add_table_collections.py
            path: C:\pysite\migrations\versions\8ca2e012f82d_add_table_collections.py
        finish pytest_collect_file --> [] [hook]
        pytest_ignore_collect [hook]
            config: <_pytest.config.Config object at 0x000001CAD5A441A0>
            collection_path: C:\pysite\migrations\versions\__pycache__
            path: C:\pysite\migrations\versions\__pycache__
        finish pytest_ignore_collect --> True [hook]
        pytest_ignore_collect [hook]
            config: <_pytest.config.Config object at 0x000001CAD5A441A0>
            collection_path: C:\pysite\migrations\versions\bec71e6a7212_add_column_tile_name_in_table_catalog.py
            path: C:\pysite\migrations\versions\bec71e6a7212_add_column_tile_name_in_table_catalog.py
        finish pytest_ignore_collect --> None [hook]
        pytest_collect_file [hook]
            parent: <Dir versions>
            file_path: C:\pysite\migrations\versions\bec71e6a7212_add_column_tile_name_in_table_catalog.py
            path: C:\pysite\migrations\versions\bec71e6a7212_add_column_tile_name_in_table_catalog.py
        finish pytest_collect_file --> [] [hook]
      finish pytest_make_collect_report --> <CollectReport 'migrations/versions' lenresult=0 outcome='passed'> [hook]
      pytest_collectreport [hook]
          report: <CollectReport 'migrations/versions' lenresult=0 outcome='passed'>
      finish pytest_collectreport --> [] [hook]
      pytest_collectreport [hook]
          report: <CollectReport 'migrations' lenresult=1 outcome='passed'>
      finish pytest_collectreport --> [] [hook]
    genitems <Package repo> [collection]
      pytest_collectstart [hook]
          collector: <Package repo>
      finish pytest_collectstart --> [] [hook]
      pytest_make_collect_report [hook]
          collector: <Package repo>
        pytest_ignore_collect [hook]
            config: <_pytest.config.Config object at 0x000001CAD5A441A0>
            collection_path: C:\pysite\repo\__init__.py
            path: C:\pysite\repo\__init__.py
        finish pytest_ignore_collect --> None [hook]
        pytest_collect_file [hook]
            parent: <Package repo>
            file_path: C:\pysite\repo\__init__.py
            path: C:\pysite\repo\__init__.py
        finish pytest_collect_file --> [] [hook]
        pytest_ignore_collect [hook]
            config: <_pytest.config.Config object at 0x000001CAD5A441A0>
            collection_path: C:\pysite\repo\Uow.py
            path: C:\pysite\repo\Uow.py
        finish pytest_ignore_collect --> None [hook]
        pytest_collect_file [hook]
            parent: <Package repo>
            file_path: C:\pysite\repo\Uow.py
            path: C:\pysite\repo\Uow.py
        finish pytest_collect_file --> [] [hook]
        pytest_ignore_collect [hook]
            config: <_pytest.config.Config object at 0x000001CAD5A441A0>
            collection_path: C:\pysite\repo\__pycache__
            path: C:\pysite\repo\__pycache__
        finish pytest_ignore_collect --> True [hook]
        pytest_ignore_collect [hook]
            config: <_pytest.config.Config object at 0x000001CAD5A441A0>
            collection_path: C:\pysite\repo\crud.py
            path: C:\pysite\repo\crud.py
        finish pytest_ignore_collect --> None [hook]
        pytest_collect_file [hook]
            parent: <Package repo>
            file_path: C:\pysite\repo\crud.py
            path: C:\pysite\repo\crud.py
        finish pytest_collect_file --> [] [hook]
        pytest_ignore_collect [hook]
            config: <_pytest.config.Config object at 0x000001CAD5A441A0>
            collection_path: C:\pysite\repo\exceptions.py
            path: C:\pysite\repo\exceptions.py
        finish pytest_ignore_collect --> None [hook]
        pytest_collect_file [hook]
            parent: <Package repo>
            file_path: C:\pysite\repo\exceptions.py
            path: C:\pysite\repo\exceptions.py
        finish pytest_collect_file --> [] [hook]
      finish pytest_make_collect_report --> <CollectReport 'repo' lenresult=0 outcome='passed'> [hook]
      pytest_collectreport [hook]
          report: <CollectReport 'repo' lenresult=0 outcome='passed'>
      finish pytest_collectreport --> [] [hook]
    genitems <Package services> [collection]
      pytest_collectstart [hook]
          collector: <Package services>
      finish pytest_collectstart --> [] [hook]
      pytest_make_collect_report [hook]
          collector: <Package services>
        pytest_ignore_collect [hook]
            config: <_pytest.config.Config object at 0x000001CAD5A441A0>
            collection_path: C:\pysite\services\__init__.py
            path: C:\pysite\services\__init__.py
        finish pytest_ignore_collect --> None [hook]
        pytest_collect_file [hook]
            parent: <Package services>
            file_path: C:\pysite\services\__init__.py
            path: C:\pysite\services\__init__.py
        finish pytest_collect_file --> [] [hook]
        pytest_ignore_collect [hook]
            config: <_pytest.config.Config object at 0x000001CAD5A441A0>
            collection_path: C:\pysite\services\__pycache__
            path: C:\pysite\services\__pycache__
        finish pytest_ignore_collect --> True [hook]
        pytest_ignore_collect [hook]
            config: <_pytest.config.Config object at 0x000001CAD5A441A0>
            collection_path: C:\pysite\services\collections.py
            path: C:\pysite\services\collections.py
        finish pytest_ignore_collect --> None [hook]
        pytest_collect_file [hook]
            parent: <Package services>
            file_path: C:\pysite\services\collections.py
            path: C:\pysite\services\collections.py
        finish pytest_collect_file --> [] [hook]
        pytest_ignore_collect [hook]
            config: <_pytest.config.Config object at 0x000001CAD5A441A0>
            collection_path: C:\pysite\services\tile.py
            path: C:\pysite\services\tile.py
        finish pytest_ignore_collect --> None [hook]
        pytest_collect_file [hook]
            parent: <Package services>
            file_path: C:\pysite\services\tile.py
            path: C:\pysite\services\tile.py
        finish pytest_collect_file --> [] [hook]
        pytest_ignore_collect [hook]
            config: <_pytest.config.Config object at 0x000001CAD5A441A0>
            collection_path: C:\pysite\services\views.py
            path: C:\pysite\services\views.py
        finish pytest_ignore_collect --> None [hook]
        pytest_collect_file [hook]
            parent: <Package services>
            file_path: C:\pysite\services\views.py
            path: C:\pysite\services\views.py
        finish pytest_collect_file --> [] [hook]
      finish pytest_make_collect_report --> <CollectReport 'services' lenresult=0 outcome='passed'> [hook]
      pytest_collectreport [hook]
          report: <CollectReport 'services' lenresult=0 outcome='passed'>
      finish pytest_collectreport --> [] [hook]
    genitems <Dir static> [collection]
      pytest_collectstart [hook]
          collector: <Dir static>
      finish pytest_collectstart --> [] [hook]
      pytest_make_collect_report [hook]
          collector: <Dir static>
        pytest_ignore_collect [hook]
            config: <_pytest.config.Config object at 0x000001CAD5A441A0>
            collection_path: C:\pysite\static\admin.css
            path: C:\pysite\static\admin.css
        finish pytest_ignore_collect --> None [hook]
        pytest_collect_file [hook]
            parent: <Dir static>
            file_path: C:\pysite\static\admin.css
            path: C:\pysite\static\admin.css
        finish pytest_collect_file --> [] [hook]
        pytest_ignore_collect [hook]
            config: <_pytest.config.Config object at 0x000001CAD5A441A0>
            collection_path: C:\pysite\static\base.css
            path: C:\pysite\static\base.css
        finish pytest_ignore_collect --> None [hook]
        pytest_collect_file [hook]
            parent: <Dir static>
            file_path: C:\pysite\static\base.css
            path: C:\pysite\static\base.css
        finish pytest_collect_file --> [] [hook]
        pytest_ignore_collect [hook]
            config: <_pytest.config.Config object at 0x000001CAD5A441A0>
            collection_path: C:\pysite\static\catalog.css
            path: C:\pysite\static\catalog.css
        finish pytest_ignore_collect --> None [hook]
        pytest_collect_file [hook]
            parent: <Dir static>
            file_path: C:\pysite\static\catalog.css
            path: C:\pysite\static\catalog.css
        finish pytest_collect_file --> [] [hook]
        pytest_ignore_collect [hook]
            config: <_pytest.config.Config object at 0x000001CAD5A441A0>
            collection_path: C:\pysite\static\home.css
            path: C:\pysite\static\home.css
        finish pytest_ignore_collect --> None [hook]
        pytest_collect_file [hook]
            parent: <Dir static>
            file_path: C:\pysite\static\home.css
            path: C:\pysite\static\home.css
        finish pytest_collect_file --> [] [hook]
        pytest_ignore_collect [hook]
            config: <_pytest.config.Config object at 0x000001CAD5A441A0>
            collection_path: C:\pysite\static\images
            path: C:\pysite\static\images
        finish pytest_ignore_collect --> None [hook]
        pytest_collect_directory [hook]
            path: C:\pysite\static\images
            parent: <Dir static>
        finish pytest_collect_directory --> <Dir images> [hook]
        pytest_ignore_collect [hook]
            config: <_pytest.config.Config object at 0x000001CAD5A441A0>
            collection_path: C:\pysite\static\slider.css
            path: C:\pysite\static\slider.css
        finish pytest_ignore_collect --> None [hook]
        pytest_collect_file [hook]
            parent: <Dir static>
            file_path: C:\pysite\static\slider.css
            path: C:\pysite\static\slider.css
        finish pytest_collect_file --> [] [hook]
        pytest_ignore_collect [hook]
            config: <_pytest.config.Config object at 0x000001CAD5A441A0>
            collection_path: C:\pysite\static\tile_detail.css
            path: C:\pysite\static\tile_detail.css
        finish pytest_ignore_collect --> None [hook]
        pytest_collect_file [hook]
            parent: <Dir static>
            file_path: C:\pysite\static\tile_detail.css
            path: C:\pysite\static\tile_detail.css
        finish pytest_collect_file --> [] [hook]
        pytest_ignore_collect [hook]
            config: <_pytest.config.Config object at 0x000001CAD5A441A0>
            collection_path: C:\pysite\static\v3catalog.css
            path: C:\pysite\static\v3catalog.css
        finish pytest_ignore_collect --> None [hook]
        pytest_collect_file [hook]
            parent: <Dir static>
            file_path: C:\pysite\static\v3catalog.css
            path: C:\pysite\static\v3catalog.css
        finish pytest_collect_file --> [] [hook]
      finish pytest_make_collect_report --> <CollectReport 'static' lenresult=1 outcome='passed'> [hook]
    genitems <Dir images> [collection]
      pytest_collectstart [hook]
          collector: <Dir images>
      finish pytest_collectstart --> [] [hook]
      pytest_make_collect_report [hook]
          collector: <Dir images>
        pytest_ignore_collect [hook]
            config: <_pytest.config.Config object at 0x000001CAD5A441A0>
            collection_path: C:\pysite\static\images\background.jpg
            path: C:\pysite\static\images\background.jpg
        finish pytest_ignore_collect --> None [hook]
        pytest_collect_file [hook]
            parent: <Dir images>
            file_path: C:\pysite\static\images\background.jpg
            path: C:\pysite\static\images\background.jpg
        finish pytest_collect_file --> [] [hook]
        pytest_ignore_collect [hook]
            config: <_pytest.config.Config object at 0x000001CAD5A441A0>
            collection_path: C:\pysite\static\images\collections
            path: C:\pysite\static\images\collections
        finish pytest_ignore_collect --> None [hook]
        pytest_collect_directory [hook]
            path: C:\pysite\static\images\collections
            parent: <Dir images>
        finish pytest_collect_directory --> <Dir collections> [hook]
        pytest_ignore_collect [hook]
            config: <_pytest.config.Config object at 0x000001CAD5A441A0>
            collection_path: C:\pysite\static\images\features
            path: C:\pysite\static\images\features
        finish pytest_ignore_collect --> None [hook]
        pytest_collect_directory [hook]
            path: C:\pysite\static\images\features
            parent: <Dir images>
        finish pytest_collect_directory --> <Dir features> [hook]
        pytest_ignore_collect [hook]
            config: <_pytest.config.Config object at 0x000001CAD5A441A0>
            collection_path: C:\pysite\static\images\logo2.png
            path: C:\pysite\static\images\logo2.png
        finish pytest_ignore_collect --> None [hook]
        pytest_collect_file [hook]
            parent: <Dir images>
            file_path: C:\pysite\static\images\logo2.png
            path: C:\pysite\static\images\logo2.png
        finish pytest_collect_file --> [] [hook]
        pytest_ignore_collect [hook]
            config: <_pytest.config.Config object at 0x000001CAD5A441A0>
            collection_path: C:\pysite\static\images\slides
            path: C:\pysite\static\images\slides
        finish pytest_ignore_collect --> None [hook]
        pytest_collect_directory [hook]
            path: C:\pysite\static\images\slides
            parent: <Dir images>
        finish pytest_collect_directory --> <Dir slides> [hook]
        pytest_ignore_collect [hook]
            config: <_pytest.config.Config object at 0x000001CAD5A441A0>
            collection_path: C:\pysite\static\images\tiles
            path: C:\pysite\static\images\tiles
        finish pytest_ignore_collect --> None [hook]
        pytest_collect_directory [hook]
            path: C:\pysite\static\images\tiles
            parent: <Dir images>
        finish pytest_collect_directory --> <Dir tiles> [hook]
      finish pytest_make_collect_report --> <CollectReport 'static/images' lenresult=4 outcome='passed'> [hook]
    genitems <Dir collections> [collection]
      pytest_collectstart [hook]
          collector: <Dir collections>
      finish pytest_collectstart --> [] [hook]
      pytest_make_collect_report [hook]
          collector: <Dir collections>
        pytest_ignore_collect [hook]
            config: <_pytest.config.Config object at 0x000001CAD5A441A0>
            collection_path: C:\pysite\static\images\collections\0
            path: C:\pysite\static\images\collections\0
        finish pytest_ignore_collect --> None [hook]
        pytest_collect_file [hook]
            parent: <Dir collections>
            file_path: C:\pysite\static\images\collections\0
            path: C:\pysite\static\images\collections\0
        finish pytest_collect_file --> [] [hook]
        pytest_ignore_collect [hook]
            config: <_pytest.config.Config object at 0x000001CAD5A441A0>
            collection_path: C:\pysite\static\images\collections\1
            path: C:\pysite\static\images\collections\1
        finish pytest_ignore_collect --> None [hook]
        pytest_collect_file [hook]
            parent: <Dir collections>
            file_path: C:\pysite\static\images\collections\1
            path: C:\pysite\static\images\collections\1
        finish pytest_collect_file --> [] [hook]
        pytest_ignore_collect [hook]
            config: <_pytest.config.Config object at 0x000001CAD5A441A0>
            collection_path: C:\pysite\static\images\collections\2
            path: C:\pysite\static\images\collections\2
        finish pytest_ignore_collect --> None [hook]
        pytest_collect_file [hook]
            parent: <Dir collections>
            file_path: C:\pysite\static\images\collections\2
            path: C:\pysite\static\images\collections\2
        finish pytest_collect_file --> [] [hook]
        pytest_ignore_collect [hook]
            config: <_pytest.config.Config object at 0x000001CAD5A441A0>
            collection_path: C:\pysite\static\images\collections\3
            path: C:\pysite\static\images\collections\3
        finish pytest_ignore_collect --> None [hook]
        pytest_collect_file [hook]
            parent: <Dir collections>
            file_path: C:\pysite\static\images\collections\3
            path: C:\pysite\static\images\collections\3
        finish pytest_collect_file --> [] [hook]
        pytest_ignore_collect [hook]
            config: <_pytest.config.Config object at 0x000001CAD5A441A0>
            collection_path: C:\pysite\static\images\collections\4
            path: C:\pysite\static\images\collections\4
        finish pytest_ignore_collect --> None [hook]
        pytest_collect_file [hook]
            parent: <Dir collections>
            file_path: C:\pysite\static\images\collections\4
            path: C:\pysite\static\images\collections\4
        finish pytest_collect_file --> [] [hook]
      finish pytest_make_collect_report --> <CollectReport 'static/images/collections' lenresult=0 outcome='passed'> [hook]
      pytest_collectreport [hook]
          report: <CollectReport 'static/images/collections' lenresult=0 outcome='passed'>
      finish pytest_collectreport --> [] [hook]
    genitems <Dir features> [collection]
      pytest_collectstart [hook]
          collector: <Dir features>
      finish pytest_collectstart --> [] [hook]
      pytest_make_collect_report [hook]
          collector: <Dir features>
        pytest_ignore_collect [hook]
            config: <_pytest.config.Config object at 0x000001CAD5A441A0>
            collection_path: C:\pysite\static\images\features\1.jpg
            path: C:\pysite\static\images\features\1.jpg
        finish pytest_ignore_collect --> None [hook]
        pytest_collect_file [hook]
            parent: <Dir features>
            file_path: C:\pysite\static\images\features\1.jpg
            path: C:\pysite\static\images\features\1.jpg
        finish pytest_collect_file --> [] [hook]
        pytest_ignore_collect [hook]
            config: <_pytest.config.Config object at 0x000001CAD5A441A0>
            collection_path: C:\pysite\static\images\features\2.jpg
            path: C:\pysite\static\images\features\2.jpg
        finish pytest_ignore_collect --> None [hook]
        pytest_collect_file [hook]
            parent: <Dir features>
            file_path: C:\pysite\static\images\features\2.jpg
            path: C:\pysite\static\images\features\2.jpg
        finish pytest_collect_file --> [] [hook]
        pytest_ignore_collect [hook]
            config: <_pytest.config.Config object at 0x000001CAD5A441A0>
            collection_path: C:\pysite\static\images\features\3.jpg
            path: C:\pysite\static\images\features\3.jpg
        finish pytest_ignore_collect --> None [hook]
        pytest_collect_file [hook]
            parent: <Dir features>
            file_path: C:\pysite\static\images\features\3.jpg
            path: C:\pysite\static\images\features\3.jpg
        finish pytest_collect_file --> [] [hook]
        pytest_ignore_collect [hook]
            config: <_pytest.config.Config object at 0x000001CAD5A441A0>
            collection_path: C:\pysite\static\images\features\4.jpg
            path: C:\pysite\static\images\features\4.jpg
        finish pytest_ignore_collect --> None [hook]
        pytest_collect_file [hook]
            parent: <Dir features>
            file_path: C:\pysite\static\images\features\4.jpg
            path: C:\pysite\static\images\features\4.jpg
        finish pytest_collect_file --> [] [hook]
      finish pytest_make_collect_report --> <CollectReport 'static/images/features' lenresult=0 outcome='passed'> [hook]
      pytest_collectreport [hook]
          report: <CollectReport 'static/images/features' lenresult=0 outcome='passed'>
      finish pytest_collectreport --> [] [hook]
    genitems <Dir slides> [collection]
      pytest_collectstart [hook]
          collector: <Dir slides>
      finish pytest_collectstart --> [] [hook]
      pytest_make_collect_report [hook]
          collector: <Dir slides>
      finish pytest_make_collect_report --> <CollectReport 'static/images/slides' lenresult=0 outcome='passed'> [hook]
      pytest_collectreport [hook]
          report: <CollectReport 'static/images/slides' lenresult=0 outcome='passed'>
      finish pytest_collectreport --> [] [hook]
    genitems <Dir tiles> [collection]
      pytest_collectstart [hook]
          collector: <Dir tiles>
      finish pytest_collectstart --> [] [hook]
      pytest_make_collect_report [hook]
          collector: <Dir tiles>
        pytest_ignore_collect [hook]
            config: <_pytest.config.Config object at 0x000001CAD5A441A0>
            collection_path: C:\pysite\static\images\tiles\24-0
            path: C:\pysite\static\images\tiles\24-0
        finish pytest_ignore_collect --> None [hook]
        pytest_collect_file [hook]
            parent: <Dir tiles>
            file_path: C:\pysite\static\images\tiles\24-0
            path: C:\pysite\static\images\tiles\24-0
        finish pytest_collect_file --> [] [hook]
        pytest_ignore_collect [hook]
            config: <_pytest.config.Config object at 0x000001CAD5A441A0>
            collection_path: C:\pysite\static\images\tiles\25-0
            path: C:\pysite\static\images\tiles\25-0
        finish pytest_ignore_collect --> None [hook]
        pytest_collect_file [hook]
            parent: <Dir tiles>
            file_path: C:\pysite\static\images\tiles\25-0
            path: C:\pysite\static\images\tiles\25-0
        finish pytest_collect_file --> [] [hook]
        pytest_ignore_collect [hook]
            config: <_pytest.config.Config object at 0x000001CAD5A441A0>
            collection_path: C:\pysite\static\images\tiles\26-0
            path: C:\pysite\static\images\tiles\26-0
        finish pytest_ignore_collect --> None [hook]
        pytest_collect_file [hook]
            parent: <Dir tiles>
            file_path: C:\pysite\static\images\tiles\26-0
            path: C:\pysite\static\images\tiles\26-0
        finish pytest_collect_file --> [] [hook]
        pytest_ignore_collect [hook]
            config: <_pytest.config.Config object at 0x000001CAD5A441A0>
            collection_path: C:\pysite\static\images\tiles\27-0
            path: C:\pysite\static\images\tiles\27-0
        finish pytest_ignore_collect --> None [hook]
        pytest_collect_file [hook]
            parent: <Dir tiles>
            file_path: C:\pysite\static\images\tiles\27-0
            path: C:\pysite\static\images\tiles\27-0
        finish pytest_collect_file --> [] [hook]
        pytest_ignore_collect [hook]
            config: <_pytest.config.Config object at 0x000001CAD5A441A0>
            collection_path: C:\pysite\static\images\tiles\29-0
            path: C:\pysite\static\images\tiles\29-0
        finish pytest_ignore_collect --> None [hook]
        pytest_collect_file [hook]
            parent: <Dir tiles>
            file_path: C:\pysite\static\images\tiles\29-0
            path: C:\pysite\static\images\tiles\29-0
        finish pytest_collect_file --> [] [hook]
        pytest_ignore_collect [hook]
            config: <_pytest.config.Config object at 0x000001CAD5A441A0>
            collection_path: C:\pysite\static\images\tiles\30-0
            path: C:\pysite\static\images\tiles\30-0
        finish pytest_ignore_collect --> None [hook]
        pytest_collect_file [hook]
            parent: <Dir tiles>
            file_path: C:\pysite\static\images\tiles\30-0
            path: C:\pysite\static\images\tiles\30-0
        finish pytest_collect_file --> [] [hook]
        pytest_ignore_collect [hook]
            config: <_pytest.config.Config object at 0x000001CAD5A441A0>
            collection_path: C:\pysite\static\images\tiles\30-1
            path: C:\pysite\static\images\tiles\30-1
        finish pytest_ignore_collect --> None [hook]
        pytest_collect_file [hook]
            parent: <Dir tiles>
            file_path: C:\pysite\static\images\tiles\30-1
            path: C:\pysite\static\images\tiles\30-1
        finish pytest_collect_file --> [] [hook]
        pytest_ignore_collect [hook]
            config: <_pytest.config.Config object at 0x000001CAD5A441A0>
            collection_path: C:\pysite\static\images\tiles\30-2
            path: C:\pysite\static\images\tiles\30-2
        finish pytest_ignore_collect --> None [hook]
        pytest_collect_file [hook]
            parent: <Dir tiles>
            file_path: C:\pysite\static\images\tiles\30-2
            path: C:\pysite\static\images\tiles\30-2
        finish pytest_collect_file --> [] [hook]
        pytest_ignore_collect [hook]
            config: <_pytest.config.Config object at 0x000001CAD5A441A0>
            collection_path: C:\pysite\static\images\tiles\31-0
            path: C:\pysite\static\images\tiles\31-0
        finish pytest_ignore_collect --> None [hook]
        pytest_collect_file [hook]
            parent: <Dir tiles>
            file_path: C:\pysite\static\images\tiles\31-0
            path: C:\pysite\static\images\tiles\31-0
        finish pytest_collect_file --> [] [hook]
      finish pytest_make_collect_report --> <CollectReport 'static/images/tiles' lenresult=0 outcome='passed'> [hook]
      pytest_collectreport [hook]
          report: <CollectReport 'static/images/tiles' lenresult=0 outcome='passed'>
      finish pytest_collectreport --> [] [hook]
      pytest_collectreport [hook]
          report: <CollectReport 'static/images' lenresult=4 outcome='passed'>
      finish pytest_collectreport --> [] [hook]
      pytest_collectreport [hook]
          report: <CollectReport 'static' lenresult=1 outcome='passed'>
      finish pytest_collectreport --> [] [hook]
    genitems <Dir templates> [collection]
      pytest_collectstart [hook]
          collector: <Dir templates>
      finish pytest_collectstart --> [] [hook]
      pytest_make_collect_report [hook]
          collector: <Dir templates>
        pytest_ignore_collect [hook]
            config: <_pytest.config.Config object at 0x000001CAD5A441A0>
            collection_path: C:\pysite\templates\admin.html
            path: C:\pysite\templates\admin.html
        finish pytest_ignore_collect --> None [hook]
        pytest_collect_file [hook]
            parent: <Dir templates>
            file_path: C:\pysite\templates\admin.html
            path: C:\pysite\templates\admin.html
        finish pytest_collect_file --> [] [hook]
        pytest_ignore_collect [hook]
            config: <_pytest.config.Config object at 0x000001CAD5A441A0>
            collection_path: C:\pysite\templates\base.html
            path: C:\pysite\templates\base.html
        finish pytest_ignore_collect --> None [hook]
        pytest_collect_file [hook]
            parent: <Dir templates>
            file_path: C:\pysite\templates\base.html
            path: C:\pysite\templates\base.html
        finish pytest_collect_file --> [] [hook]
        pytest_ignore_collect [hook]
            config: <_pytest.config.Config object at 0x000001CAD5A441A0>
            collection_path: C:\pysite\templates\collections.html
            path: C:\pysite\templates\collections.html
        finish pytest_ignore_collect --> None [hook]
        pytest_collect_file [hook]
            parent: <Dir templates>
            file_path: C:\pysite\templates\collections.html
            path: C:\pysite\templates\collections.html
        finish pytest_collect_file --> [] [hook]
        pytest_ignore_collect [hook]
            config: <_pytest.config.Config object at 0x000001CAD5A441A0>
            collection_path: C:\pysite\templates\home.html
            path: C:\pysite\templates\home.html
        finish pytest_ignore_collect --> None [hook]
        pytest_collect_file [hook]
            parent: <Dir templates>
            file_path: C:\pysite\templates\home.html
            path: C:\pysite\templates\home.html
        finish pytest_collect_file --> [] [hook]
        pytest_ignore_collect [hook]
            config: <_pytest.config.Config object at 0x000001CAD5A441A0>
            collection_path: C:\pysite\templates\tile_detail.html
            path: C:\pysite\templates\tile_detail.html
        finish pytest_ignore_collect --> None [hook]
        pytest_collect_file [hook]
            parent: <Dir templates>
            file_path: C:\pysite\templates\tile_detail.html
            path: C:\pysite\templates\tile_detail.html
        finish pytest_collect_file --> [] [hook]
        pytest_ignore_collect [hook]
            config: <_pytest.config.Config object at 0x000001CAD5A441A0>
            collection_path: C:\pysite\templates\tiles_catalog.html
            path: C:\pysite\templates\tiles_catalog.html
        finish pytest_ignore_collect --> None [hook]
        pytest_collect_file [hook]
            parent: <Dir templates>
            file_path: C:\pysite\templates\tiles_catalog.html
            path: C:\pysite\templates\tiles_catalog.html
        finish pytest_collect_file --> [] [hook]
      finish pytest_make_collect_report --> <CollectReport 'templates' lenresult=0 outcome='passed'> [hook]
      pytest_collectreport [hook]
          report: <CollectReport 'templates' lenresult=0 outcome='passed'>
      finish pytest_collectreport --> [] [hook]
    genitems <Package tests> [collection]
      pytest_collectstart [hook]
          collector: <Package tests>
      finish pytest_collectstart --> [] [hook]
      pytest_make_collect_report [hook]
          collector: <Package tests>
        pytest_ignore_collect [hook]
            config: <_pytest.config.Config object at 0x000001CAD5A441A0>
            collection_path: C:\pysite\tests\__init__.py
            path: C:\pysite\tests\__init__.py
        finish pytest_ignore_collect --> None [hook]
        pytest_collect_file [hook]
            parent: <Package tests>
            file_path: C:\pysite\tests\__init__.py
            path: C:\pysite\tests\__init__.py
        finish pytest_collect_file --> [] [hook]
        pytest_ignore_collect [hook]
            config: <_pytest.config.Config object at 0x000001CAD5A441A0>
            collection_path: C:\pysite\tests\__pycache__
            path: C:\pysite\tests\__pycache__
        finish pytest_ignore_collect --> True [hook]
        pytest_ignore_collect [hook]
            config: <_pytest.config.Config object at 0x000001CAD5A441A0>
            collection_path: C:\pysite\tests\fakes
            path: C:\pysite\tests\fakes
        finish pytest_ignore_collect --> None [hook]
        pytest_collect_directory [hook]
            path: C:\pysite\tests\fakes
            parent: <Package tests>
        finish pytest_collect_directory --> <Package fakes> [hook]
        pytest_ignore_collect [hook]
            config: <_pytest.config.Config object at 0x000001CAD5A441A0>
            collection_path: C:\pysite\tests\test_tile_entitie.py
            path: C:\pysite\tests\test_tile_entitie.py
        finish pytest_ignore_collect --> None [hook]
        pytest_collect_file [hook]
            parent: <Package tests>
            file_path: C:\pysite\tests\test_tile_entitie.py
            path: C:\pysite\tests\test_tile_entitie.py
          pytest_pycollect_makemodule [hook]
              parent: <Package tests>
              module_path: C:\pysite\tests\test_tile_entitie.py
              path: C:\pysite\tests\test_tile_entitie.py
          finish pytest_pycollect_makemodule --> <Module test_tile_entitie.py> [hook]
        finish pytest_collect_file --> [<Module test_tile_entitie.py>] [hook]
      finish pytest_make_collect_report --> <CollectReport 'tests' lenresult=2 outcome='passed'> [hook]
    genitems <Package fakes> [collection]
      pytest_collectstart [hook]
          collector: <Package fakes>
      finish pytest_collectstart --> [] [hook]
      pytest_make_collect_report [hook]
          collector: <Package fakes>
        pytest_ignore_collect [hook]
            config: <_pytest.config.Config object at 0x000001CAD5A441A0>
            collection_path: C:\pysite\tests\fakes\__init__.py
            path: C:\pysite\tests\fakes\__init__.py
        finish pytest_ignore_collect --> None [hook]
        pytest_collect_file [hook]
            parent: <Package fakes>
            file_path: C:\pysite\tests\fakes\__init__.py
            path: C:\pysite\tests\fakes\__init__.py
        finish pytest_collect_file --> [] [hook]
        pytest_ignore_collect [hook]
            config: <_pytest.config.Config object at 0x000001CAD5A441A0>
            collection_path: C:\pysite\tests\fakes\__pycache__
            path: C:\pysite\tests\fakes\__pycache__
        finish pytest_ignore_collect --> True [hook]
        pytest_ignore_collect [hook]
            config: <_pytest.config.Config object at 0x000001CAD5A441A0>
            collection_path: C:\pysite\tests\fakes\db_fakes.py
            path: C:\pysite\tests\fakes\db_fakes.py
        finish pytest_ignore_collect --> None [hook]
        pytest_collect_file [hook]
            parent: <Package fakes>
            file_path: C:\pysite\tests\fakes\db_fakes.py
            path: C:\pysite\tests\fakes\db_fakes.py
        finish pytest_collect_file --> [] [hook]
        pytest_ignore_collect [hook]
            config: <_pytest.config.Config object at 0x000001CAD5A441A0>
            collection_path: C:\pysite\tests\fakes\fs_fakes.py
            path: C:\pysite\tests\fakes\fs_fakes.py
        finish pytest_ignore_collect --> None [hook]
        pytest_collect_file [hook]
            parent: <Package fakes>
            file_path: C:\pysite\tests\fakes\fs_fakes.py
            path: C:\pysite\tests\fakes\fs_fakes.py
        finish pytest_collect_file --> [] [hook]
      finish pytest_make_collect_report --> <CollectReport 'tests/fakes' lenresult=0 outcome='passed'> [hook]
      pytest_collectreport [hook]
          report: <CollectReport 'tests/fakes' lenresult=0 outcome='passed'>
      finish pytest_collectreport --> [] [hook]
    genitems <Module test_tile_entitie.py> [collection]
      pytest_collectstart [hook]
          collector: <Module test_tile_entitie.py>
      finish pytest_collectstart --> [] [hook]
      pytest_make_collect_report [hook]
          collector: <Module test_tile_entitie.py>
      early skip of rewriting module: tests [assertion]
      find_module called for: tests.test_tile_entitie [assertion]
      matched test file 'C:\\pysite\\tests\\test_tile_entitie.py' [assertion]
      found cached rewritten pyc for C:\pysite\tests\test_tile_entitie.py [assertion]
      early skip of rewriting module: domain [assertion]
      early skip of rewriting module: domain.tile [assertion]
      early skip of rewriting module: slugify [assertion]
      early skip of rewriting module: slugify.special [assertion]
      early skip of rewriting module: slugify.slugify [assertion]
      early skip of rewriting module: html [assertion]
      early skip of rewriting module: html.entities [assertion]
      early skip of rewriting module: unidecode [assertion]
      early skip of rewriting module: text_unidecode [assertion]
      early skip of rewriting module: pkgutil [assertion]
      early skip of rewriting module: slugify.__version__ [assertion]
      early skip of rewriting module: services [assertion]
      early skip of rewriting module: services.tile [assertion]
      early skip of rewriting module: aiofiles [assertion]
      early skip of rewriting module: aiofiles.tempfile [assertion]
      early skip of rewriting module: aiofiles.base [assertion]
      early skip of rewriting module: aiofiles.threadpool [assertion]
      early skip of rewriting module: aiofiles.threadpool.binary [assertion]
      early skip of rewriting module: aiofiles.threadpool.utils [assertion]
      early skip of rewriting module: aiofiles.threadpool.text [assertion]
      early skip of rewriting module: aiofiles.tempfile.temptypes [assertion]
      early skip of rewriting module: repo [assertion]
      early skip of rewriting module: core [assertion]
      early skip of rewriting module: core.config [assertion]
      early skip of rewriting module: pydantic_settings [assertion]
      early skip of rewriting module: pydantic_settings.exceptions [assertion]
      early skip of rewriting module: pydantic_settings.main [assertion]
      early skip of rewriting module: pydantic [assertion]
      early skip of rewriting module: pydantic._migration [assertion]
      early skip of rewriting module: pydantic.warnings [assertion]
      early skip of rewriting module: pydantic.version [assertion]
      early skip of rewriting module: pydantic_core [assertion]
      early skip of rewriting module: typing_extensions [assertion]
      early skip of rewriting module: pydantic_core._pydantic_core [assertion]
      early skip of rewriting module: pydantic_core.core_schema [assertion]
      early skip of rewriting module: pydantic.errors [assertion]
      early skip of rewriting module: typing_inspection [assertion]
      early skip of rewriting module: typing_inspection.introspection [assertion]
      early skip of rewriting module: typing_inspection.typing_objects [assertion]
      early skip of rewriting module: pydantic._internal [assertion]
      early skip of rewriting module: pydantic._internal._repr [assertion]
      early skip of rewriting module: pydantic._internal._typing_extra [assertion]
      early skip of rewriting module: pydantic._internal._namespace_utils [assertion]
      early skip of rewriting module: pydantic.config [assertion]
      early skip of rewriting module: pydantic.aliases [assertion]
      early skip of rewriting module: pydantic._internal._internal_dataclass [assertion]
      early skip of rewriting module: pydantic._internal._config [assertion]
      early skip of rewriting module: pydantic._internal._signature [assertion]
      early skip of rewriting module: pydantic._internal._utils [assertion]
      early skip of rewriting module: pydantic._internal._import_utils [assertion]
      early skip of rewriting module: pydantic.dataclasses [assertion]
      early skip of rewriting module: pydantic._internal._decorators [assertion]
      early skip of rewriting module: pydantic._internal._core_utils [assertion]
      early skip of rewriting module: pydantic._internal._dataclasses [assertion]
      early skip of rewriting module: pydantic.fields [assertion]
      early skip of rewriting module: annotated_types [assertion]
      early skip of rewriting module: pydantic._internal._validators [assertion]
      early skip of rewriting module: fractions [assertion]
      early skip of rewriting module: zoneinfo [assertion]
      early skip of rewriting module: zoneinfo._tzpath [assertion]
      early skip of rewriting module: sysconfig [assertion]
      early skip of rewriting module: _sysconfig [assertion]
      early skip of rewriting module: zoneinfo._common [assertion]
      early skip of rewriting module: _zoneinfo [assertion]
      early skip of rewriting module: pydantic.types [assertion]
      early skip of rewriting module: pydantic._internal._fields [assertion]
      early skip of rewriting module: pydantic._internal._generics [assertion]
      early skip of rewriting module: pydantic._internal._forward_ref [assertion]
      early skip of rewriting module: pydantic._internal._docs_extraction [assertion]
      early skip of rewriting module: pydantic.annotated_handlers [assertion]
      early skip of rewriting module: pydantic.json_schema [assertion]
      early skip of rewriting module: pydantic._internal._core_metadata [assertion]
      early skip of rewriting module: pydantic._internal._mock_val_ser [assertion]
      early skip of rewriting module: pydantic.plugin [assertion]
      early skip of rewriting module: pydantic.plugin._schema_validator [assertion]
      early skip of rewriting module: pydantic._internal._schema_generation_shared [assertion]
      early skip of rewriting module: pydantic._internal._generate_schema [assertion]
      early skip of rewriting module: pydantic.functional_validators [assertion]
      early skip of rewriting module: pydantic._internal._discriminated_union [assertion]
      early skip of rewriting module: pydantic._internal._known_annotated_metadata [assertion]
      early skip of rewriting module: pydantic._internal._schema_gather [assertion]
      early skip of rewriting module: pydantic.main [assertion]
      early skip of rewriting module: pydantic._internal._model_construction [assertion]
      early skip of rewriting module: pydantic_settings.sources [assertion]
      early skip of rewriting module: pydantic_settings.sources.base [assertion]
      early skip of rewriting module: pydantic.type_adapter [assertion]
      early skip of rewriting module: pydantic_settings.utils [assertion]
      early skip of rewriting module: pydantic_settings.sources.types [assertion]
      early skip of rewriting module: pydantic_settings.sources.utils [assertion]
      early skip of rewriting module: pydantic.root_model [assertion]
      early skip of rewriting module: pydantic.plugin._loader [assertion]
      early skip of rewriting module: pydantic_settings.sources.providers [assertion]
      early skip of rewriting module: pydantic_settings.sources.providers.aws [assertion]
      early skip of rewriting module: pydantic_settings.sources.providers.env [assertion]
      early skip of rewriting module: pydantic_settings.sources.providers.azure [assertion]
      early skip of rewriting module: pydantic.alias_generators [assertion]
      early skip of rewriting module: pydantic_settings.sources.providers.cli [assertion]
      early skip of rewriting module: pydantic_settings.sources.providers.dotenv [assertion]
      early skip of rewriting module: dotenv [assertion]
      early skip of rewriting module: dotenv.main [assertion]
      early skip of rewriting module: dotenv.parser [assertion]
      early skip of rewriting module: dotenv.variables [assertion]
      early skip of rewriting module: pydantic_settings.sources.providers.gcp [assertion]
      early skip of rewriting module: pydantic_settings.sources.providers.json [assertion]
      early skip of rewriting module: pydantic_settings.sources.providers.pyproject [assertion]
      early skip of rewriting module: pydantic_settings.sources.providers.toml [assertion]
      early skip of rewriting module: pydantic_settings.sources.providers.secrets [assertion]
      early skip of rewriting module: pydantic_settings.sources.providers.yaml [assertion]
      early skip of rewriting module: pydantic_settings.version [assertion]
      early skip of rewriting module: db [assertion]
      early skip of rewriting module: db.models [assertion]
      early skip of rewriting module: sqlalchemy [assertion]
      early skip of rewriting module: sqlalchemy.util [assertion]
      early skip of rewriting module: sqlalchemy.util.preloaded [assertion]
      early skip of rewriting module: sqlalchemy.util._collections [assertion]
      early skip of rewriting module: sqlalchemy.util._has_cy [assertion]
      early skip of rewriting module: sqlalchemy.cyextension [assertion]
      early skip of rewriting module: sqlalchemy.cyextension.collections [assertion]
      early skip of rewriting module: sqlalchemy.cyextension.immutabledict [assertion]
      early skip of rewriting module: sqlalchemy.cyextension.processors [assertion]
      early skip of rewriting module: sqlalchemy.cyextension.resultproxy [assertion]
      early skip of rewriting module: sqlalchemy.cyextension.util [assertion]
      early skip of rewriting module: sqlalchemy.exc [assertion]
      early skip of rewriting module: sqlalchemy.util.compat [assertion]
      early skip of rewriting module: hashlib [assertion]
      early skip of rewriting module: _hashlib [assertion]
      early skip of rewriting module: _blake2 [assertion]
      early skip of rewriting module: sqlalchemy.util.typing [assertion]
      early skip of rewriting module: sqlalchemy.util.concurrency [assertion]
      early skip of rewriting module: greenlet [assertion]
      early skip of rewriting module: greenlet._greenlet [assertion]
      early skip of rewriting module: sqlalchemy.util._concurrency_py3k [assertion]
      early skip of rewriting module: sqlalchemy.util.langhelpers [assertion]
      early skip of rewriting module: sqlalchemy.util.deprecations [assertion]
      early skip of rewriting module: sqlalchemy.engine [assertion]
      early skip of rewriting module: sqlalchemy.engine.events [assertion]
      early skip of rewriting module: sqlalchemy.engine.base [assertion]
      early skip of rewriting module: sqlalchemy.engine.interfaces [assertion]
      early skip of rewriting module: sqlalchemy.event [assertion]
      early skip of rewriting module: sqlalchemy.event.api [assertion]
      early skip of rewriting module: sqlalchemy.event.base [assertion]
      early skip of rewriting module: sqlalchemy.event.attr [assertion]
      early skip of rewriting module: sqlalchemy.event.legacy [assertion]
      early skip of rewriting module: sqlalchemy.event.registry [assertion]
      early skip of rewriting module: sqlalchemy.pool [assertion]
      early skip of rewriting module: sqlalchemy.pool.events [assertion]
      early skip of rewriting module: sqlalchemy.pool.base [assertion]
      early skip of rewriting module: sqlalchemy.log [assertion]
      early skip of rewriting module: sqlalchemy.pool.impl [assertion]
      early skip of rewriting module: sqlalchemy.util.queue [assertion]
      early skip of rewriting module: sqlalchemy.sql [assertion]
      early skip of rewriting module: sqlalchemy.sql._typing [assertion]
      early skip of rewriting module: sqlalchemy.sql.roles [assertion]
      early skip of rewriting module: sqlalchemy.inspection [assertion]
      early skip of rewriting module: sqlalchemy.sql.base [assertion]
      early skip of rewriting module: sqlalchemy.sql.visitors [assertion]
      early skip of rewriting module: sqlalchemy.sql.cache_key [assertion]
      early skip of rewriting module: sqlalchemy.sql.traversals [assertion]
      early skip of rewriting module: sqlalchemy.sql.operators [assertion]
      early skip of rewriting module: sqlalchemy.sql.compiler [assertion]
      early skip of rewriting module: sqlalchemy.sql.coercions [assertion]
      early skip of rewriting module: sqlalchemy.sql.crud [assertion]
      early skip of rewriting module: sqlalchemy.sql.dml [assertion]
      early skip of rewriting module: sqlalchemy.sql.util [assertion]
      early skip of rewriting module: sqlalchemy.sql.annotation [assertion]
      early skip of rewriting module: sqlalchemy.sql.ddl [assertion]
      early skip of rewriting module: sqlalchemy.sql.elements [assertion]
      early skip of rewriting module: sqlalchemy.sql.type_api [assertion]
      early skip of rewriting module: sqlalchemy.util.topological [assertion]
      early skip of rewriting module: sqlalchemy.sql.schema [assertion]
      early skip of rewriting module: sqlalchemy.sql.selectable [assertion]
      early skip of rewriting module: sqlalchemy.sql.sqltypes [assertion]
      early skip of rewriting module: pickle [assertion]
      early skip of rewriting module: _compat_pickle [assertion]
      early skip of rewriting module: _pickle [assertion]
      early skip of rewriting module: sqlalchemy.engine.processors [assertion]
      early skip of rewriting module: sqlalchemy.engine._py_processors [assertion]
      early skip of rewriting module: sqlalchemy.sql.functions [assertion]
      early skip of rewriting module: sqlalchemy.sql.expression [assertion]
      early skip of rewriting module: sqlalchemy.sql._dml_constructors [assertion]
      early skip of rewriting module: sqlalchemy.sql._elements_constructors [assertion]
      early skip of rewriting module: sqlalchemy.sql._selectable_constructors [assertion]
      early skip of rewriting module: sqlalchemy.sql.lambdas [assertion]
      early skip of rewriting module: sqlalchemy.sql.default_comparator [assertion]
      early skip of rewriting module: sqlalchemy.sql.naming [assertion]
      early skip of rewriting module: sqlalchemy.sql.events [assertion]
      early skip of rewriting module: sqlalchemy.engine.util [assertion]
      early skip of rewriting module: sqlalchemy.engine.create [assertion]
      early skip of rewriting module: sqlalchemy.engine.url [assertion]
      early skip of rewriting module: sqlalchemy.dialects [assertion]
      early skip of rewriting module: sqlalchemy.engine.mock [assertion]
      early skip of rewriting module: sqlalchemy.engine.cursor [assertion]
      early skip of rewriting module: sqlalchemy.engine.result [assertion]
      early skip of rewriting module: sqlalchemy.engine.row [assertion]
      early skip of rewriting module: sqlalchemy.engine.reflection [assertion]
      early skip of rewriting module: sqlalchemy.schema [assertion]
      early skip of rewriting module: sqlalchemy.types [assertion]
      early skip of rewriting module: sqlalchemy.engine.default [assertion]
      early skip of rewriting module: sqlalchemy.engine.characteristics [assertion]
      early skip of rewriting module: sqlalchemy.ext [assertion]
      early skip of rewriting module: sqlalchemy.ext.asyncio [assertion]
      early skip of rewriting module: sqlalchemy.ext.asyncio.engine [assertion]
      early skip of rewriting module: sqlalchemy.ext.asyncio.exc [assertion]
      early skip of rewriting module: sqlalchemy.ext.asyncio.base [assertion]
      early skip of rewriting module: sqlalchemy.ext.asyncio.result [assertion]
      early skip of rewriting module: sqlalchemy.ext.asyncio.scoping [assertion]
      early skip of rewriting module: sqlalchemy.ext.asyncio.session [assertion]
      early skip of rewriting module: sqlalchemy.orm [assertion]
      early skip of rewriting module: sqlalchemy.orm.exc [assertion]
      early skip of rewriting module: sqlalchemy.orm.util [assertion]
      early skip of rewriting module: sqlalchemy.orm.attributes [assertion]
      early skip of rewriting module: sqlalchemy.orm.collections [assertion]
      early skip of rewriting module: sqlalchemy.orm.base [assertion]
      early skip of rewriting module: sqlalchemy.orm._typing [assertion]
      early skip of rewriting module: sqlalchemy.sql._orm_types [assertion]
      early skip of rewriting module: sqlalchemy.orm.mapped_collection [assertion]
      early skip of rewriting module: sqlalchemy.orm.interfaces [assertion]
      early skip of rewriting module: sqlalchemy.orm.path_registry [assertion]
      early skip of rewriting module: sqlalchemy.orm.mapper [assertion]
      early skip of rewriting module: sqlalchemy.orm.instrumentation [assertion]
      early skip of rewriting module: sqlalchemy.orm.state [assertion]
      early skip of rewriting module: sqlalchemy.orm.loading [assertion]
      early skip of rewriting module: sqlalchemy.orm.context [assertion]
      early skip of rewriting module: sqlalchemy.future [assertion]
      early skip of rewriting module: sqlalchemy.future.engine [assertion]
      early skip of rewriting module: sqlalchemy.orm.strategies [assertion]
      early skip of rewriting module: sqlalchemy.orm.properties [assertion]
      early skip of rewriting module: sqlalchemy.orm.strategy_options [assertion]
      early skip of rewriting module: sqlalchemy.orm.descriptor_props [assertion]
      early skip of rewriting module: sqlalchemy.orm.relationships [assertion]
      early skip of rewriting module: sqlalchemy.orm.query [assertion]
      early skip of rewriting module: sqlalchemy.orm.unitofwork [assertion]
      early skip of rewriting module: sqlalchemy.orm.session [assertion]
      early skip of rewriting module: sqlalchemy.orm.bulk_persistence [assertion]
      early skip of rewriting module: sqlalchemy.orm.evaluator [assertion]
      early skip of rewriting module: sqlalchemy.orm.persistence [assertion]
      early skip of rewriting module: sqlalchemy.orm.sync [assertion]
      early skip of rewriting module: sqlalchemy.orm.identity [assertion]
      early skip of rewriting module: sqlalchemy.orm.state_changes [assertion]
      early skip of rewriting module: sqlalchemy.orm._orm_constructors [assertion]
      early skip of rewriting module: sqlalchemy.orm.decl_api [assertion]
      early skip of rewriting module: sqlalchemy.orm.clsregistry [assertion]
      early skip of rewriting module: sqlalchemy.orm.decl_base [assertion]
      early skip of rewriting module: sqlalchemy.orm.dynamic [assertion]
      early skip of rewriting module: sqlalchemy.orm.writeonly [assertion]
      early skip of rewriting module: sqlalchemy.orm.events [assertion]
      early skip of rewriting module: sqlalchemy.orm.scoping [assertion]
      early skip of rewriting module: sqlalchemy.orm.dependency [assertion]
      early skip of rewriting module: repo.crud [assertion]
      early skip of rewriting module: repo.exceptions [assertion]
      early skip of rewriting module: repo.Uow [assertion]
      early skip of rewriting module: tests.fakes [assertion]
      early skip of rewriting module: tests.fakes.db_fakes [assertion]
      early skip of rewriting module: tests.fakes.fs_fakes [assertion]
        pytest_pycollect_makeitem [hook]
            collector: <Module test_tile_entitie.py>
            name: @py_builtins
            obj: <module 'builtins' (built-in)>
        finish pytest_pycollect_makeitem --> None [hook]
        pytest_pycollect_makeitem [hook]
            collector: <Module test_tile_entitie.py>
            name: @pytest_ar
            obj: <module '_pytest.assertion.rewrite' from 'C:\\pysite\\.venv\\Lib\\site-packages\\_pytest\\assertion\\rewrite.py'>
        finish pytest_pycollect_makeitem --> None [hook]
        pytest_pycollect_makeitem [hook]
            collector: <Module test_tile_entitie.py>
            name: Decimal
            obj: <class 'decimal.Decimal'>
        finish pytest_pycollect_makeitem --> None [hook]
        pytest_pycollect_makeitem [hook]
            collector: <Module test_tile_entitie.py>
            name: pytest
            obj: <module 'pytest' from 'C:\\pysite\\.venv\\Lib\\site-packages\\pytest\\__init__.py'>
        finish pytest_pycollect_makeitem --> None [hook]
        pytest_pycollect_makeitem [hook]
            collector: <Module test_tile_entitie.py>
            name: Box
            obj: <class 'domain.tile.Box'>
        finish pytest_pycollect_makeitem --> None [hook]
        pytest_pycollect_makeitem [hook]
            collector: <Module test_tile_entitie.py>
            name: Producer
            obj: <class 'domain.tile.Producer'>
        finish pytest_pycollect_makeitem --> None [hook]
        pytest_pycollect_makeitem [hook]
            collector: <Module test_tile_entitie.py>
            name: Tile
            obj: <class 'domain.tile.Tile'>
        finish pytest_pycollect_makeitem --> None [hook]
        pytest_pycollect_makeitem [hook]
            collector: <Module test_tile_entitie.py>
            name: TileColor
            obj: <class 'domain.tile.TileColor'>
        finish pytest_pycollect_makeitem --> None [hook]
        pytest_pycollect_makeitem [hook]
            collector: <Module test_tile_entitie.py>
            name: TileImages
            obj: <class 'domain.tile.TileImages'>
        finish pytest_pycollect_makeitem --> None [hook]
        pytest_pycollect_makeitem [hook]
            collector: <Module test_tile_entitie.py>
            name: TileSize
            obj: <class 'domain.tile.TileSize'>
        finish pytest_pycollect_makeitem --> None [hook]
        pytest_pycollect_makeitem [hook]
            collector: <Module test_tile_entitie.py>
            name: TileSurface
            obj: <class 'domain.tile.TileSurface'>
        finish pytest_pycollect_makeitem --> None [hook]
        pytest_pycollect_makeitem [hook]
            collector: <Module test_tile_entitie.py>
            name: Types
            obj: <class 'domain.tile.Types'>
        finish pytest_pycollect_makeitem --> None [hook]
        pytest_pycollect_makeitem [hook]
            collector: <Module test_tile_entitie.py>
            name: add_tile
            obj: <function add_tile at 0x000001CADA388540>
        finish pytest_pycollect_makeitem --> None [hook]
        pytest_pycollect_makeitem [hook]
            collector: <Module test_tile_entitie.py>
            name: delete_tile
            obj: <function delete_tile at 0x000001CADA3885E0>
        finish pytest_pycollect_makeitem --> None [hook]
        pytest_pycollect_makeitem [hook]
            collector: <Module test_tile_entitie.py>
            name: update_tile
            obj: <function update_tile at 0x000001CADA388720>
        finish pytest_pycollect_makeitem --> None [hook]
        pytest_pycollect_makeitem [hook]
            collector: <Module test_tile_entitie.py>
            name: FakeCRUD
            obj: <class 'tests.fakes.db_fakes.FakeCRUD'>
        finish pytest_pycollect_makeitem --> None [hook]
        pytest_pycollect_makeitem [hook]
            collector: <Module test_tile_entitie.py>
            name: FakeFileSystem
            obj: <class 'tests.fakes.fs_fakes.FakeFileSystem'>
        finish pytest_pycollect_makeitem --> None [hook]
        pytest_pycollect_makeitem [hook]
            collector: <Module test_tile_entitie.py>
            name: FakePath
            obj: <class 'tests.fakes.fs_fakes.FakePath'>
        finish pytest_pycollect_makeitem --> None [hook]
        pytest_pycollect_makeitem [hook]
            collector: <Module test_tile_entitie.py>
            name: FakeStorage
            obj: <class 'tests.fakes.db_fakes.FakeStorage'>
        finish pytest_pycollect_makeitem --> None [hook]
        pytest_pycollect_makeitem [hook]
            collector: <Module test_tile_entitie.py>
            name: FakeUoW
            obj: <class 'tests.fakes.db_fakes.FakeUoW'>
        finish pytest_pycollect_makeitem --> None [hook]
        pytest_pycollect_makeitem [hook]
            collector: <Module test_tile_entitie.py>
            name: Table
            obj: <class 'tests.fakes.db_fakes.Table'>
        finish pytest_pycollect_makeitem --> None [hook]
        pytest_pycollect_makeitem [hook]
            collector: <Module test_tile_entitie.py>
            name: logging
            obj: <module 'logging' from 'C:\\Users\\Andy\\AppData\\Local\\Programs\\Python\\Python313\\Lib\\logging\\__init__.py'>
        finish pytest_pycollect_makeitem --> None [hook]
        pytest_pycollect_makeitem [hook]
            collector: <Module test_tile_entitie.py>
            name: log
            obj: <Logger tests.test_tile_entitie (WARNING)>
        finish pytest_pycollect_makeitem --> None [hook]
        pytest_pycollect_makeitem [hook]
            collector: <Module test_tile_entitie.py>
            name: storage_with_filled_handbooks
            obj: <pytest_fixture(<function storage_with_filled_handbooks at 0x000001CADA3887C0>)>
        finish pytest_pycollect_makeitem --> None [hook]
        pytest_pycollect_makeitem [hook]
            collector: <Module test_tile_entitie.py>
            name: manager_with_handbooks
            obj: <pytest_fixture(<function manager_with_handbooks at 0x000001CADA388B80>)>
        finish pytest_pycollect_makeitem --> None [hook]
        pytest_pycollect_makeitem [hook]
            collector: <Module test_tile_entitie.py>
            name: storage
            obj: <pytest_fixture(<function storage at 0x000001CADA38A340>)>
        finish pytest_pycollect_makeitem --> None [hook]
        pytest_pycollect_makeitem [hook]
            collector: <Module test_tile_entitie.py>
            name: manager_without_handbooks
            obj: <pytest_fixture(<function manager_without_handbooks at 0x000001CADA38A480>)>
        finish pytest_pycollect_makeitem --> None [hook]
        pytest_pycollect_makeitem [hook]
            collector: <Module test_tile_entitie.py>
            name: fs
            obj: <pytest_fixture(<function fs at 0x000001CADA38A5C0>)>
        finish pytest_pycollect_makeitem --> None [hook]
        pytest_pycollect_makeitem [hook]
            collector: <Module test_tile_entitie.py>
            name: test_create_tile_success_when_all_handbooks_exists
            obj: <function test_create_tile_success_when_all_handbooks_exists at 0x000001CADA38A700>
          pytest_generate_tests [hook]
              metafunc: <_pytest.python.Metafunc object at 0x000001CAD92AA900>
          finish pytest_generate_tests --> [] [hook]
        finish pytest_pycollect_makeitem --> [<Coroutine test_create_tile_success_when_all_handbooks_exists>] [hook]
        pytest_pycollect_makeitem [hook]
            collector: <Module test_tile_entitie.py>
            name: test_create_tile_success_when_all_handbooks_not_exists
            obj: <function test_create_tile_success_when_all_handbooks_not_exists at 0x000001CADA38A7A0>
          pytest_generate_tests [hook]
              metafunc: <_pytest.python.Metafunc object at 0x000001CAD9376990>
          finish pytest_generate_tests --> [] [hook]
        finish pytest_pycollect_makeitem --> [<Coroutine test_create_tile_success_when_all_handbooks_not_exists>] [hook]
        pytest_pycollect_makeitem [hook]
            collector: <Module test_tile_entitie.py>
            name: test_update_tile_success_when_new_attributes_in_handbooks
            obj: <function test_update_tile_success_when_new_attributes_in_handbooks at 0x000001CADA38A840>
          pytest_generate_tests [hook]
              metafunc: <_pytest.python.Metafunc object at 0x000001CAD9376990>
          finish pytest_generate_tests --> [] [hook]
        finish pytest_pycollect_makeitem --> [<Coroutine test_update_tile_success_when_new_attributes_in_handbooks>] [hook]
      finish pytest_make_collect_report --> <CollectReport 'tests/test_tile_entitie.py' lenresult=3 outcome='passed'> [hook]
    genitems <Coroutine test_create_tile_success_when_all_handbooks_exists> [collection]
      pytest_itemcollected [hook]
          item: <Coroutine test_create_tile_success_when_all_handbooks_exists>
      finish pytest_itemcollected --> [] [hook]
    genitems <Coroutine test_create_tile_success_when_all_handbooks_not_exists> [collection]
      pytest_itemcollected [hook]
          item: <Coroutine test_create_tile_success_when_all_handbooks_not_exists>
      finish pytest_itemcollected --> [] [hook]
    genitems <Coroutine test_update_tile_success_when_new_attributes_in_handbooks> [collection]
      pytest_itemcollected [hook]
          item: <Coroutine test_update_tile_success_when_new_attributes_in_handbooks>
      finish pytest_itemcollected --> [] [hook]
      pytest_collectreport [hook]
          report: <CollectReport 'tests/test_tile_entitie.py' lenresult=3 outcome='passed'>
      finish pytest_collectreport --> [] [hook]
      pytest_collectreport [hook]
          report: <CollectReport 'tests' lenresult=2 outcome='passed'>
      finish pytest_collectreport --> [] [hook]
      pytest_collectreport [hook]
          report: <CollectReport '.' lenresult=10 outcome='passed'>
      finish pytest_collectreport --> [] [hook]
      pytest_collection_modifyitems [hook]
          session: <Session  exitstatus=<ExitCode.OK: 0> testsfailed=0 testscollected=0>
          config: <_pytest.config.Config object at 0x000001CAD5A441A0>
          items: [<Coroutine test_create_tile_success_when_all_handbooks_exists>, <Coroutine test_create_tile_success_when_all_handbooks_not_exists>, <Coroutine test_update_tile_success_when_new_attributes_in_handbooks>]
      finish pytest_collection_modifyitems --> [] [hook]
      pytest_collection_finish [hook]
          session: <Session  exitstatus=<ExitCode.OK: 0> testsfailed=0 testscollected=0>
        pytest_report_collectionfinish [hook]
            config: <_pytest.config.Config object at 0x000001CAD5A441A0>
            items: [<Coroutine test_create_tile_success_when_all_handbooks_exists>, <Coroutine test_create_tile_success_when_all_handbooks_not_exists>, <Coroutine test_update_tile_success_when_new_attributes_in_handbooks>]
            start_path: C:\pysite
            startdir: C:\pysite
        finish pytest_report_collectionfinish --> [] [hook]
      finish pytest_collection_finish --> [] [hook]
    finish pytest_collection --> None [hook]
    pytest_runtestloop [hook]
        session: <Session  exitstatus=<ExitCode.OK: 0> testsfailed=0 testscollected=3>
      pytest_runtest_protocol [hook]
          item: <Coroutine test_create_tile_success_when_all_handbooks_exists>
          nextitem: <Coroutine test_create_tile_success_when_all_handbooks_not_exists>
        pytest_runtest_logstart [hook]
            nodeid: tests/test_tile_entitie.py::test_create_tile_success_when_all_handbooks_exists
            location: ('tests\\test_tile_entitie.py', 164, 'test_create_tile_success_when_all_handbooks_exists')
        finish pytest_runtest_logstart --> [] [hook]
        pytest_runtest_setup [hook]
            item: <Coroutine test_create_tile_success_when_all_handbooks_exists>
          pytest_fixture_setup [hook]
              fixturedef: <FixtureDef argname='event_loop_policy' scope='session' baseid=''>
              request: <SubRequest 'event_loop_policy' for <Coroutine test_create_tile_success_when_all_handbooks_exists>>
          finish pytest_fixture_setup --> <asyncio.windows_events.WindowsProactorEventLoopPolicy object at 0x000001CAD7F342F0> [hook]
          pytest_fixture_setup [hook]
              fixturedef: <FixtureDef argname='storage_with_filled_handbooks' scope='function' baseid='tests/test_tile_entitie.py'>
              request: <SubRequest 'storage_with_filled_handbooks' for <Coroutine test_create_tile_success_when_all_handbooks_exists>>
          finish pytest_fixture_setup --> <tests.fakes.db_fakes.FakeStorage object at 0x000001CAD7E9AF90> [hook]
          pytest_fixture_setup [hook]
              fixturedef: <FixtureDef argname='manager_with_handbooks' scope='function' baseid='tests/test_tile_entitie.py'>
              request: <SubRequest 'manager_with_handbooks' for <Coroutine test_create_tile_success_when_all_handbooks_exists>>
          finish pytest_fixture_setup --> <tests.fakes.db_fakes.FakeCRUD object at 0x000001CAD92AAA50> [hook]
          pytest_fixture_setup [hook]
              fixturedef: <FixtureDef argname='fs' scope='function' baseid='tests/test_tile_entitie.py'>
              request: <SubRequest 'fs' for <Coroutine test_create_tile_success_when_all_handbooks_exists>>
          finish pytest_fixture_setup --> <tests.fakes.fs_fakes.FakeFileSystem object at 0x000001CAD92AACF0> [hook]
          pytest_fixture_setup [hook]
              fixturedef: <FixtureDef argname='_function_scoped_runner' scope='function' baseid=''>
              request: <SubRequest '_function_scoped_runner' for <Coroutine test_create_tile_success_when_all_handbooks_exists>>
          finish pytest_fixture_setup --> <asyncio.runners.Runner object at 0x000001CAD92AB230> [hook]
        finish pytest_runtest_setup --> None [hook]
        pytest_runtest_makereport [hook]
            item: <Coroutine test_create_tile_success_when_all_handbooks_exists>
            call: <CallInfo when='setup' result: None>
        finish pytest_runtest_makereport --> <TestReport 'tests/test_tile_entitie.py::test_create_tile_success_when_all_handbooks_exists' when='setup' outcome='passed'> [hook]
        pytest_runtest_logreport [hook]
            report: <TestReport 'tests/test_tile_entitie.py::test_create_tile_success_when_all_handbooks_exists' when='setup' outcome='passed'>
          pytest_report_teststatus [hook]
              report: <TestReport 'tests/test_tile_entitie.py::test_create_tile_success_when_all_handbooks_exists' when='setup' outcome='passed'>
              config: <_pytest.config.Config object at 0x000001CAD5A441A0>
          finish pytest_report_teststatus --> ('', '', '') [hook]
        finish pytest_runtest_logreport --> [] [hook]
        pytest_runtest_call [hook]
            item: <Coroutine test_create_tile_success_when_all_handbooks_exists>
          pytest_pyfunc_call [hook]
              pyfuncitem: <Coroutine test_create_tile_success_when_all_handbooks_exists>
          finish pytest_pyfunc_call --> True [hook]
        finish pytest_runtest_call --> None [hook]
        pytest_runtest_makereport [hook]
            item: <Coroutine test_create_tile_success_when_all_handbooks_exists>
            call: <CallInfo when='call' result: None>
        finish pytest_runtest_makereport --> <TestReport 'tests/test_tile_entitie.py::test_create_tile_success_when_all_handbooks_exists' when='call' outcome='passed'> [hook]
        pytest_runtest_logreport [hook]
            report: <TestReport 'tests/test_tile_entitie.py::test_create_tile_success_when_all_handbooks_exists' when='call' outcome='passed'>
          pytest_report_teststatus [hook]
              report: <TestReport 'tests/test_tile_entitie.py::test_create_tile_success_when_all_handbooks_exists' when='call' outcome='passed'>
              config: <_pytest.config.Config object at 0x000001CAD5A441A0>
          finish pytest_report_teststatus --> ('passed', '.', 'PASSED') [hook]
        finish pytest_runtest_logreport --> [] [hook]
        pytest_runtest_teardown [hook]
            item: <Coroutine test_create_tile_success_when_all_handbooks_exists>
            nextitem: <Coroutine test_create_tile_success_when_all_handbooks_not_exists>
          pytest_fixture_post_finalizer [hook]
              fixturedef: <FixtureDef argname='_function_scoped_runner' scope='function' baseid=''>
              request: <SubRequest '_function_scoped_runner' for <Coroutine test_create_tile_success_when_all_handbooks_exists>>
          finish pytest_fixture_post_finalizer --> [] [hook]
          pytest_fixture_post_finalizer [hook]
              fixturedef: <FixtureDef argname='fs' scope='function' baseid='tests/test_tile_entitie.py'>
              request: <SubRequest 'fs' for <Coroutine test_create_tile_success_when_all_handbooks_exists>>
          finish pytest_fixture_post_finalizer --> [] [hook]
          pytest_fixture_post_finalizer [hook]
              fixturedef: <FixtureDef argname='manager_with_handbooks' scope='function' baseid='tests/test_tile_entitie.py'>
              request: <SubRequest 'manager_with_handbooks' for <Coroutine test_create_tile_success_when_all_handbooks_exists>>
          finish pytest_fixture_post_finalizer --> [] [hook]
          pytest_fixture_post_finalizer [hook]
              fixturedef: <FixtureDef argname='manager_with_handbooks' scope='function' baseid='tests/test_tile_entitie.py'>
              request: <SubRequest 'manager_with_handbooks' for <Coroutine test_create_tile_success_when_all_handbooks_exists>>
          finish pytest_fixture_post_finalizer --> [] [hook]
          pytest_fixture_post_finalizer [hook]
              fixturedef: <FixtureDef argname='storage_with_filled_handbooks' scope='function' baseid='tests/test_tile_entitie.py'>
              request: <SubRequest 'storage_with_filled_handbooks' for <Coroutine test_create_tile_success_when_all_handbooks_exists>>
          finish pytest_fixture_post_finalizer --> [] [hook]
        finish pytest_runtest_teardown --> None [hook]
        pytest_runtest_makereport [hook]
            item: <Coroutine test_create_tile_success_when_all_handbooks_exists>
            call: <CallInfo when='teardown' result: None>
        finish pytest_runtest_makereport --> <TestReport 'tests/test_tile_entitie.py::test_create_tile_success_when_all_handbooks_exists' when='teardown' outcome='passed'> [hook]
        pytest_runtest_logreport [hook]
            report: <TestReport 'tests/test_tile_entitie.py::test_create_tile_success_when_all_handbooks_exists' when='teardown' outcome='passed'>
          pytest_report_teststatus [hook]
              report: <TestReport 'tests/test_tile_entitie.py::test_create_tile_success_when_all_handbooks_exists' when='teardown' outcome='passed'>
              config: <_pytest.config.Config object at 0x000001CAD5A441A0>
          finish pytest_report_teststatus --> ('', '', '') [hook]
        finish pytest_runtest_logreport --> [] [hook]
        pytest_runtest_logfinish [hook]
            nodeid: tests/test_tile_entitie.py::test_create_tile_success_when_all_handbooks_exists
            location: ('tests\\test_tile_entitie.py', 164, 'test_create_tile_success_when_all_handbooks_exists')
        finish pytest_runtest_logfinish --> [] [hook]
      finish pytest_runtest_protocol --> True [hook]
      pytest_runtest_protocol [hook]
          item: <Coroutine test_create_tile_success_when_all_handbooks_not_exists>
          nextitem: <Coroutine test_update_tile_success_when_new_attributes_in_handbooks>
        pytest_runtest_logstart [hook]
            nodeid: tests/test_tile_entitie.py::test_create_tile_success_when_all_handbooks_not_exists
            location: ('tests\\test_tile_entitie.py', 218, 'test_create_tile_success_when_all_handbooks_not_exists')
        finish pytest_runtest_logstart --> [] [hook]
        pytest_runtest_setup [hook]
            item: <Coroutine test_create_tile_success_when_all_handbooks_not_exists>
          pytest_fixture_setup [hook]
              fixturedef: <FixtureDef argname='storage' scope='function' baseid='tests/test_tile_entitie.py'>
              request: <SubRequest 'storage' for <Coroutine test_create_tile_success_when_all_handbooks_not_exists>>
          finish pytest_fixture_setup --> <tests.fakes.db_fakes.FakeStorage object at 0x000001CAD7E57C50> [hook]
          pytest_fixture_setup [hook]
              fixturedef: <FixtureDef argname='manager_without_handbooks' scope='function' baseid='tests/test_tile_entitie.py'>
              request: <SubRequest 'manager_without_handbooks' for <Coroutine test_create_tile_success_when_all_handbooks_not_exists>>
          finish pytest_fixture_setup --> <tests.fakes.db_fakes.FakeCRUD object at 0x000001CAD7F29090> [hook]
          pytest_fixture_setup [hook]
              fixturedef: <FixtureDef argname='fs' scope='function' baseid='tests/test_tile_entitie.py'>
              request: <SubRequest 'fs' for <Coroutine test_create_tile_success_when_all_handbooks_not_exists>>
          finish pytest_fixture_setup --> <tests.fakes.fs_fakes.FakeFileSystem object at 0x000001CAD9376AD0> [hook]
          pytest_fixture_setup [hook]
              fixturedef: <FixtureDef argname='_function_scoped_runner' scope='function' baseid=''>
              request: <SubRequest '_function_scoped_runner' for <Coroutine test_create_tile_success_when_all_handbooks_not_exists>>
          finish pytest_fixture_setup --> <asyncio.runners.Runner object at 0x000001CAD9376C10> [hook]
        finish pytest_runtest_setup --> None [hook]
        pytest_runtest_makereport [hook]
            item: <Coroutine test_create_tile_success_when_all_handbooks_not_exists>
            call: <CallInfo when='setup' result: None>
        finish pytest_runtest_makereport --> <TestReport 'tests/test_tile_entitie.py::test_create_tile_success_when_all_handbooks_not_exists' when='setup' outcome='passed'> [hook]
        pytest_runtest_logreport [hook]
            report: <TestReport 'tests/test_tile_entitie.py::test_create_tile_success_when_all_handbooks_not_exists' when='setup' outcome='passed'>
          pytest_report_teststatus [hook]
              report: <TestReport 'tests/test_tile_entitie.py::test_create_tile_success_when_all_handbooks_not_exists' when='setup' outcome='passed'>
              config: <_pytest.config.Config object at 0x000001CAD5A441A0>
          finish pytest_report_teststatus --> ('', '', '') [hook]
        finish pytest_runtest_logreport --> [] [hook]
        pytest_runtest_call [hook]
            item: <Coroutine test_create_tile_success_when_all_handbooks_not_exists>
          pytest_pyfunc_call [hook]
              pyfuncitem: <Coroutine test_create_tile_success_when_all_handbooks_not_exists>
          finish pytest_pyfunc_call --> True [hook]
        finish pytest_runtest_call --> None [hook]
        pytest_runtest_makereport [hook]
            item: <Coroutine test_create_tile_success_when_all_handbooks_not_exists>
            call: <CallInfo when='call' result: None>
        finish pytest_runtest_makereport --> <TestReport 'tests/test_tile_entitie.py::test_create_tile_success_when_all_handbooks_not_exists' when='call' outcome='passed'> [hook]
        pytest_runtest_logreport [hook]
            report: <TestReport 'tests/test_tile_entitie.py::test_create_tile_success_when_all_handbooks_not_exists' when='call' outcome='passed'>
          pytest_report_teststatus [hook]
              report: <TestReport 'tests/test_tile_entitie.py::test_create_tile_success_when_all_handbooks_not_exists' when='call' outcome='passed'>
              config: <_pytest.config.Config object at 0x000001CAD5A441A0>
          finish pytest_report_teststatus --> ('passed', '.', 'PASSED') [hook]
        finish pytest_runtest_logreport --> [] [hook]
        pytest_runtest_teardown [hook]
            item: <Coroutine test_create_tile_success_when_all_handbooks_not_exists>
            nextitem: <Coroutine test_update_tile_success_when_new_attributes_in_handbooks>
          pytest_fixture_post_finalizer [hook]
              fixturedef: <FixtureDef argname='_function_scoped_runner' scope='function' baseid=''>
              request: <SubRequest '_function_scoped_runner' for <Coroutine test_create_tile_success_when_all_handbooks_not_exists>>
          finish pytest_fixture_post_finalizer --> [] [hook]
          pytest_fixture_post_finalizer [hook]
              fixturedef: <FixtureDef argname='fs' scope='function' baseid='tests/test_tile_entitie.py'>
              request: <SubRequest 'fs' for <Coroutine test_create_tile_success_when_all_handbooks_not_exists>>
          finish pytest_fixture_post_finalizer --> [] [hook]
          pytest_fixture_post_finalizer [hook]
              fixturedef: <FixtureDef argname='manager_without_handbooks' scope='function' baseid='tests/test_tile_entitie.py'>
              request: <SubRequest 'manager_without_handbooks' for <Coroutine test_create_tile_success_when_all_handbooks_not_exists>>
          finish pytest_fixture_post_finalizer --> [] [hook]
          pytest_fixture_post_finalizer [hook]
              fixturedef: <FixtureDef argname='manager_without_handbooks' scope='function' baseid='tests/test_tile_entitie.py'>
              request: <SubRequest 'manager_without_handbooks' for <Coroutine test_create_tile_success_when_all_handbooks_not_exists>>
          finish pytest_fixture_post_finalizer --> [] [hook]
          pytest_fixture_post_finalizer [hook]
              fixturedef: <FixtureDef argname='storage' scope='function' baseid='tests/test_tile_entitie.py'>
              request: <SubRequest 'storage' for <Coroutine test_create_tile_success_when_all_handbooks_not_exists>>
          finish pytest_fixture_post_finalizer --> [] [hook]
        finish pytest_runtest_teardown --> None [hook]
        pytest_runtest_makereport [hook]
            item: <Coroutine test_create_tile_success_when_all_handbooks_not_exists>
            call: <CallInfo when='teardown' result: None>
        finish pytest_runtest_makereport --> <TestReport 'tests/test_tile_entitie.py::test_create_tile_success_when_all_handbooks_not_exists' when='teardown' outcome='passed'> [hook]
        pytest_runtest_logreport [hook]
            report: <TestReport 'tests/test_tile_entitie.py::test_create_tile_success_when_all_handbooks_not_exists' when='teardown' outcome='passed'>
          pytest_report_teststatus [hook]
              report: <TestReport 'tests/test_tile_entitie.py::test_create_tile_success_when_all_handbooks_not_exists' when='teardown' outcome='passed'>
              config: <_pytest.config.Config object at 0x000001CAD5A441A0>
          finish pytest_report_teststatus --> ('', '', '') [hook]
        finish pytest_runtest_logreport --> [] [hook]
        pytest_runtest_logfinish [hook]
            nodeid: tests/test_tile_entitie.py::test_create_tile_success_when_all_handbooks_not_exists
            location: ('tests\\test_tile_entitie.py', 218, 'test_create_tile_success_when_all_handbooks_not_exists')
        finish pytest_runtest_logfinish --> [] [hook]
      finish pytest_runtest_protocol --> True [hook]
      pytest_runtest_protocol [hook]
          item: <Coroutine test_update_tile_success_when_new_attributes_in_handbooks>
          nextitem: None
        pytest_runtest_logstart [hook]
            nodeid: tests/test_tile_entitie.py::test_update_tile_success_when_new_attributes_in_handbooks
            location: ('tests\\test_tile_entitie.py', 276, 'test_update_tile_success_when_new_attributes_in_handbooks')
        finish pytest_runtest_logstart --> [] [hook]
        pytest_runtest_setup [hook]
            item: <Coroutine test_update_tile_success_when_new_attributes_in_handbooks>
          pytest_fixture_setup [hook]
              fixturedef: <FixtureDef argname='storage_with_filled_handbooks' scope='function' baseid='tests/test_tile_entitie.py'>
              request: <SubRequest 'storage_with_filled_handbooks' for <Coroutine test_update_tile_success_when_new_attributes_in_handbooks>>
          finish pytest_fixture_setup --> <tests.fakes.db_fakes.FakeStorage object at 0x000001CAD7E574D0> [hook]
          pytest_fixture_setup [hook]
              fixturedef: <FixtureDef argname='manager_with_handbooks' scope='function' baseid='tests/test_tile_entitie.py'>
              request: <SubRequest 'manager_with_handbooks' for <Coroutine test_update_tile_success_when_new_attributes_in_handbooks>>
          finish pytest_fixture_setup --> <tests.fakes.db_fakes.FakeCRUD object at 0x000001CAD7F29090> [hook]
          pytest_fixture_setup [hook]
              fixturedef: <FixtureDef argname='fs' scope='function' baseid='tests/test_tile_entitie.py'>
              request: <SubRequest 'fs' for <Coroutine test_update_tile_success_when_new_attributes_in_handbooks>>
          finish pytest_fixture_setup --> <tests.fakes.fs_fakes.FakeFileSystem object at 0x000001CAD9376C10> [hook]
          pytest_fixture_setup [hook]
              fixturedef: <FixtureDef argname='_function_scoped_runner' scope='function' baseid=''>
              request: <SubRequest '_function_scoped_runner' for <Coroutine test_update_tile_success_when_new_attributes_in_handbooks>>
          finish pytest_fixture_setup --> <asyncio.runners.Runner object at 0x000001CAD9376710> [hook]
        finish pytest_runtest_setup --> None [hook]
        pytest_runtest_makereport [hook]
            item: <Coroutine test_update_tile_success_when_new_attributes_in_handbooks>
            call: <CallInfo when='setup' result: None>
        finish pytest_runtest_makereport --> <TestReport 'tests/test_tile_entitie.py::test_update_tile_success_when_new_attributes_in_handbooks' when='setup' outcome='passed'> [hook]
        pytest_runtest_logreport [hook]
            report: <TestReport 'tests/test_tile_entitie.py::test_update_tile_success_when_new_attributes_in_handbooks' when='setup' outcome='passed'>
          pytest_report_teststatus [hook]
              report: <TestReport 'tests/test_tile_entitie.py::test_update_tile_success_when_new_attributes_in_handbooks' when='setup' outcome='passed'>
              config: <_pytest.config.Config object at 0x000001CAD5A441A0>
          finish pytest_report_teststatus --> ('', '', '') [hook]
        finish pytest_runtest_logreport --> [] [hook]
        pytest_runtest_call [hook]
            item: <Coroutine test_update_tile_success_when_new_attributes_in_handbooks>
          pytest_pyfunc_call [hook]
              pyfuncitem: <Coroutine test_update_tile_success_when_new_attributes_in_handbooks>
        pytest_runtest_makereport [hook]
            item: <Coroutine test_update_tile_success_when_new_attributes_in_handbooks>
            call: <CallInfo when='call' excinfo=<ExceptionInfo AttributeError("'NoneType' object has no attribute 'rows'") tblen=40>>
        early skip of rewriting module: _suggestions [assertion]
        early skip of rewriting module: _suggestions [assertion]
        finish pytest_runtest_makereport --> <TestReport 'tests/test_tile_entitie.py::test_update_tile_success_when_new_attributes_in_handbooks' when='call' outcome='failed'> [hook]
        pytest_runtest_logreport [hook]
            report: <TestReport 'tests/test_tile_entitie.py::test_update_tile_success_when_new_attributes_in_handbooks' when='call' outcome='failed'>
          pytest_report_teststatus [hook]
              report: <TestReport 'tests/test_tile_entitie.py::test_update_tile_success_when_new_attributes_in_handbooks' when='call' outcome='failed'>
              config: <_pytest.config.Config object at 0x000001CAD5A441A0>
          finish pytest_report_teststatus --> ('failed', 'F', 'FAILED') [hook]
        finish pytest_runtest_logreport --> [] [hook]
        pytest_exception_interact [hook]
            node: <Coroutine test_update_tile_success_when_new_attributes_in_handbooks>
            call: <CallInfo when='call' excinfo=<ExceptionInfo AttributeError("'NoneType' object has no attribute 'rows'") tblen=40>>
            report: <TestReport 'tests/test_tile_entitie.py::test_update_tile_success_when_new_attributes_in_handbooks' when='call' outcome='failed'>
        finish pytest_exception_interact --> [] [hook]
        pytest_runtest_teardown [hook]
            item: <Coroutine test_update_tile_success_when_new_attributes_in_handbooks>
            nextitem: None
          pytest_fixture_post_finalizer [hook]
              fixturedef: <FixtureDef argname='_function_scoped_runner' scope='function' baseid=''>
              request: <SubRequest '_function_scoped_runner' for <Coroutine test_update_tile_success_when_new_attributes_in_handbooks>>
          finish pytest_fixture_post_finalizer --> [] [hook]
          pytest_fixture_post_finalizer [hook]
              fixturedef: <FixtureDef argname='fs' scope='function' baseid='tests/test_tile_entitie.py'>
              request: <SubRequest 'fs' for <Coroutine test_update_tile_success_when_new_attributes_in_handbooks>>
          finish pytest_fixture_post_finalizer --> [] [hook]
          pytest_fixture_post_finalizer [hook]
              fixturedef: <FixtureDef argname='manager_with_handbooks' scope='function' baseid='tests/test_tile_entitie.py'>
              request: <SubRequest 'manager_with_handbooks' for <Coroutine test_update_tile_success_when_new_attributes_in_handbooks>>
          finish pytest_fixture_post_finalizer --> [] [hook]
          pytest_fixture_post_finalizer [hook]
              fixturedef: <FixtureDef argname='manager_with_handbooks' scope='function' baseid='tests/test_tile_entitie.py'>
              request: <SubRequest 'manager_with_handbooks' for <Coroutine test_update_tile_success_when_new_attributes_in_handbooks>>
          finish pytest_fixture_post_finalizer --> [] [hook]
          pytest_fixture_post_finalizer [hook]
              fixturedef: <FixtureDef argname='storage_with_filled_handbooks' scope='function' baseid='tests/test_tile_entitie.py'>
              request: <SubRequest 'storage_with_filled_handbooks' for <Coroutine test_update_tile_success_when_new_attributes_in_handbooks>>
          finish pytest_fixture_post_finalizer --> [] [hook]
          pytest_fixture_post_finalizer [hook]
              fixturedef: <FixtureDef argname='_function_scoped_runner' scope='function' baseid=''>
              request: <SubRequest '_function_scoped_runner' for <Coroutine test_update_tile_success_when_new_attributes_in_handbooks>>
          finish pytest_fixture_post_finalizer --> [] [hook]
          pytest_fixture_post_finalizer [hook]
              fixturedef: <FixtureDef argname='_function_scoped_runner' scope='function' baseid=''>
              request: <SubRequest '_function_scoped_runner' for <Coroutine test_create_tile_success_when_all_handbooks_not_exists>>
          finish pytest_fixture_post_finalizer --> [] [hook]
          pytest_fixture_post_finalizer [hook]
              fixturedef: <FixtureDef argname='_function_scoped_runner' scope='function' baseid=''>
              request: <SubRequest '_function_scoped_runner' for <Coroutine test_create_tile_success_when_all_handbooks_exists>>
          finish pytest_fixture_post_finalizer --> [] [hook]
          pytest_fixture_post_finalizer [hook]
              fixturedef: <FixtureDef argname='event_loop_policy' scope='session' baseid=''>
              request: <SubRequest 'event_loop_policy' for <Coroutine test_create_tile_success_when_all_handbooks_exists>>
          finish pytest_fixture_post_finalizer --> [] [hook]
        finish pytest_runtest_teardown --> None [hook]
        pytest_runtest_makereport [hook]
            item: <Coroutine test_update_tile_success_when_new_attributes_in_handbooks>
            call: <CallInfo when='teardown' result: None>
        finish pytest_runtest_makereport --> <TestReport 'tests/test_tile_entitie.py::test_update_tile_success_when_new_attributes_in_handbooks' when='teardown' outcome='passed'> [hook]
        pytest_runtest_logreport [hook]
            report: <TestReport 'tests/test_tile_entitie.py::test_update_tile_success_when_new_attributes_in_handbooks' when='teardown' outcome='passed'>
          pytest_report_teststatus [hook]
              report: <TestReport 'tests/test_tile_entitie.py::test_update_tile_success_when_new_attributes_in_handbooks' when='teardown' outcome='passed'>
              config: <_pytest.config.Config object at 0x000001CAD5A441A0>
          finish pytest_report_teststatus --> ('', '', '') [hook]
        finish pytest_runtest_logreport --> [] [hook]
        pytest_runtest_logfinish [hook]
            nodeid: tests/test_tile_entitie.py::test_update_tile_success_when_new_attributes_in_handbooks
            location: ('tests\\test_tile_entitie.py', 276, 'test_update_tile_success_when_new_attributes_in_handbooks')
        finish pytest_runtest_logfinish --> [] [hook]
      finish pytest_runtest_protocol --> True [hook]
    finish pytest_runtestloop --> True [hook]
    pytest_sessionfinish [hook]
        session: <Session  exitstatus=<ExitCode.TESTS_FAILED: 1> testsfailed=1 testscollected=3>
        exitstatus: 1
      pytest_terminal_summary [hook]
          terminalreporter: <_pytest.terminal.TerminalReporter object at 0x000001CAD7E9A900>
          exitstatus: 1
          config: <_pytest.config.Config object at 0x000001CAD5A441A0>
        pytest_report_teststatus [hook]
            report: <TestReport 'tests/test_tile_entitie.py::test_update_tile_success_when_new_attributes_in_handbooks' when='call' outcome='failed'>
            config: <_pytest.config.Config object at 0x000001CAD5A441A0>
        finish pytest_report_teststatus --> ('failed', 'F', 'FAILED') [hook]
      finish pytest_terminal_summary --> [] [hook]
    finish pytest_sessionfinish --> [] [hook]
    pytest_unconfigure [hook]
        config: <_pytest.config.Config object at 0x000001CAD5A441A0>
    finish pytest_unconfigure --> [] [hook]
